Log file open, 12/05/23 14:59:22
LogWindows: Failed to load 'aqProf.dll' (GetLastError=126)
LogWindows: File 'aqProf.dll' does not exist
LogWindows: Failed to load 'VtuneApi.dll' (GetLastError=126)
LogWindows: File 'VtuneApi.dll' does not exist
LogWindows: Failed to load 'VtuneApi32e.dll' (GetLastError=126)
LogWindows: File 'VtuneApi32e.dll' does not exist
LogConsoleResponse: Display: Failed to find resolution value strings in scalability ini. Falling back to default.
LogConsoleResponse: Display: Failed to find resolution value strings in scalability ini. Falling back to default.
LogInit: Display: Running engine for game: projekcik
LogPlatformFile: Not using cached read wrapper
LogTaskGraph: Started task graph with 5 named threads and 35 total threads with 3 sets of task threads.
LogStats: Stats thread started at 0.236389
LogICUInternationalization: ICU TimeZone Detection - Raw Offset: +1:00, Platform Override: ''
LogInit: Display: Loading text-based GConfig....
LogPluginManager: Mounting plugin MeshPainting
LogPluginManager: Mounting plugin XGEController
LogPluginManager: Mounting plugin Paper2D
LogPluginManager: Mounting plugin LiveLink
LogPluginManager: Mounting plugin CameraShakePreviewer
LogPluginManager: Mounting plugin LightPropagationVolume
LogPluginManager: Mounting plugin GameplayCameras
LogPluginManager: Mounting plugin OodleData
LogPluginManager: Mounting plugin AnimationSharing
LogPluginManager: Mounting plugin CLionSourceCodeAccess
LogPluginManager: Mounting plugin CodeLiteSourceCodeAccess
LogPluginManager: Mounting plugin KDevelopSourceCodeAccess
LogPluginManager: Mounting plugin NullSourceCodeAccess
LogPluginManager: Mounting plugin GitSourceControl
LogPluginManager: Mounting plugin PlasticSourceControl
LogPluginManager: Mounting plugin PerforceSourceControl
LogPluginManager: Mounting plugin PluginUtils
LogPluginManager: Mounting plugin PropertyAccessNode
LogPluginManager: Mounting plugin RiderSourceCodeAccess
LogPluginManager: Mounting plugin SubversionSourceControl
LogPluginManager: Mounting plugin OodleNetwork
LogPluginManager: Mounting plugin PixWinPlugin
LogPluginManager: Mounting plugin TextureFormatOodle
LogPluginManager: Mounting plugin UObjectPlugin
LogPluginManager: Mounting plugin VisualStudioCodeSourceCodeAccess
LogPluginManager: Mounting plugin VisualStudioSourceCodeAccess
LogPluginManager: Mounting plugin XCodeSourceCodeAccess
LogPluginManager: Mounting plugin AutomationUtils
LogPluginManager: Mounting plugin BackChannel
LogPluginManager: Mounting plugin DatasmithContent
LogPluginManager: Mounting plugin ChaosCloth
LogPluginManager: Mounting plugin ChaosClothEditor
LogPluginManager: Mounting plugin AssetManagerEditor
LogPluginManager: Mounting plugin ChaosEditor
LogPluginManager: Mounting plugin ChaosNiagara
LogPluginManager: Mounting plugin ChaosSolverPlugin
LogPluginManager: Mounting plugin CharacterAI
LogPluginManager: Mounting plugin AlembicImporter
LogPluginManager: Mounting plugin CryptoKeys
LogPluginManager: Mounting plugin DataValidation
LogPluginManager: Mounting plugin FacialAnimation
LogPluginManager: Mounting plugin GameplayTagsEditor
LogPluginManager: Mounting plugin VariantManagerContent
LogPluginManager: Mounting plugin CurveEditorTools
LogPluginManager: Mounting plugin GeometryMode
LogPluginManager: Mounting plugin MacGraphicsSwitching
LogPluginManager: Mounting plugin MaterialAnalyzer
LogPluginManager: Mounting plugin MobileLauncherProfileWizard
LogPluginManager: Mounting plugin PluginBrowser
LogPluginManager: Mounting plugin GeometryCache
LogPluginManager: Mounting plugin SpeedTreeImporter
LogPluginManager: Mounting plugin GeometryCollectionPlugin
LogPluginManager: Mounting plugin GeometryProcessing
LogPluginManager: Mounting plugin Niagara
LogPluginManager: Mounting plugin OpenImageDenoise
LogPluginManager: Mounting plugin MotoSynth
LogPluginManager: Mounting plugin PlanarCut
LogPluginManager: Mounting plugin PythonScriptPlugin
LogPluginManager: Mounting plugin ProxyLODPlugin
LogPluginManager: Mounting plugin PlatformCrypto
LogPluginManager: Mounting plugin SkeletalReduction
LogPluginManager: Mounting plugin MagicLeap
LogPluginManager: Mounting plugin LuminPlatformFeatures
LogPluginManager: Mounting plugin AndroidMedia
LogPluginManager: Mounting plugin MagicLeapLightEstimation
LogPluginManager: Mounting plugin AvfMedia
LogPluginManager: Mounting plugin MagicLeapMedia
LogPluginManager: Mounting plugin MagicLeapPassableWorld
LogPluginManager: Mounting plugin ImgMedia
LogPluginManager: Mounting plugin MLSDK
LogPluginManager: Mounting plugin MediaCompositing
LogPluginManager: Mounting plugin MediaPlayerEditor
LogPluginManager: Mounting plugin WmfMedia
LogPluginManager: Mounting plugin WebMMedia
LogPluginManager: Mounting plugin UdpMessaging
LogPluginManager: Mounting plugin TcpMessaging
LogPluginManager: Mounting plugin OnlineSubsystem
LogPluginManager: Mounting plugin OnlineSubsystemNull
LogPluginManager: Mounting plugin OnlineSubsystemUtils
LogPluginManager: Mounting plugin ActorSequence
LogPluginManager: Mounting plugin LevelSequenceEditor
LogPluginManager: Mounting plugin MatineeToLevelSequence
LogPluginManager: Mounting plugin TemplateSequence
LogPluginManager: Mounting plugin LauncherChunkInstaller
LogPluginManager: Mounting plugin ActorLayerUtilities
LogPluginManager: Mounting plugin ScreenshotTools
LogPluginManager: Mounting plugin AndroidDeviceProfileSelector
LogPluginManager: Mounting plugin AndroidMoviePlayer
LogPluginManager: Mounting plugin AndroidPermission
LogPluginManager: Mounting plugin AppleImageUtils
LogPluginManager: Mounting plugin AppleMoviePlayer
LogPluginManager: Mounting plugin ArchVisCharacter
LogPluginManager: Mounting plugin AssetTags
LogPluginManager: Mounting plugin AudioCapture
LogPluginManager: Mounting plugin CableComponent
LogPluginManager: Mounting plugin AudioSynesthesia
LogPluginManager: Mounting plugin CustomMeshComponent
LogPluginManager: Mounting plugin ChunkDownloader
LogPluginManager: Mounting plugin EditableMesh
LogPluginManager: Mounting plugin ExampleDeviceProfileSelector
LogPluginManager: Mounting plugin GoogleCloudMessaging
LogPluginManager: Mounting plugin GooglePAD
LogPluginManager: Mounting plugin Takes
LogPluginManager: Mounting plugin IOSDeviceProfileSelector
LogPluginManager: Mounting plugin LinuxDeviceProfileSelector
LogPluginManager: Mounting plugin MobilePatchingUtils
LogPluginManager: Mounting plugin OpenXR
LogPluginManager: Mounting plugin OpenXRHandTracking
LogPluginManager: Mounting plugin OpenXREyeTracker
LogPluginManager: Mounting plugin ProceduralMeshComponent
LogPluginManager: Mounting plugin PostSplashScreen
LogPluginManager: Mounting plugin PropertyAccessEditor
LogPluginManager: Mounting plugin PhysXVehicles
LogPluginManager: Mounting plugin SignificanceManager
LogPluginManager: Mounting plugin SoundFields
LogPluginManager: Mounting plugin Synthesis
LogPluginManager: Mounting plugin WindowsMoviePlayer
LogPluginManager: Mounting plugin WebMMoviePlayer
LogPluginManager: Mounting plugin EnvironmentQueryEditor
LogPluginManager: Mounting plugin AISupport
LogPluginManager: Mounting plugin LocationServicesBPLibrary
LogPluginManager: Mounting plugin RuntimePhysXCooking
LogPluginManager: Mounting plugin ContentBrowserAssetDataSource
LogPluginManager: Mounting plugin ContentBrowserClassDataSource
LogPluginManager: Mounting plugin ContentBrowserFileDataSource
LogPluginManager: Mounting plugin OnlineSubsystemIOS
LogPluginManager: Mounting plugin OnlineSubsystemGooglePlay
LogPluginManager: Mounting plugin OculusVR
LogPluginManager: Mounting plugin SteamVR
PixWinPlugin: PIX capture plugin failed to initialize! Check that the process is launched from PIX.
LogInit: Using libcurl 7.55.1-DEV
LogInit:  - built for x86_64-pc-win32
LogInit:  - supports SSL with OpenSSL/1.1.1
LogInit:  - supports HTTP deflate (compression) using libz 1.2.8
LogInit:  - other features:
LogInit:      CURL_VERSION_SSL
LogInit:      CURL_VERSION_LIBZ
LogInit:      CURL_VERSION_IPV6
LogInit:      CURL_VERSION_ASYNCHDNS
LogInit:      CURL_VERSION_LARGEFILE
LogInit:      CURL_VERSION_IDN
LogInit:  CurlRequestOptions (configurable via config and command line):
LogInit:  - bVerifyPeer = true  - Libcurl will verify peer certificate
LogInit:  - bUseHttpProxy = false  - Libcurl will NOT use HTTP proxy
LogInit:  - bDontReuseConnections = false  - Libcurl will reuse connections
LogInit:  - MaxHostConnections = 16  - Libcurl will limit the number of connections to a host
LogInit:  - LocalHostAddr = Default
LogInit:  - BufferSize = 65536
LogOnline: OSS: Creating online subsystem instance for: NULL
LogInit: WinSock: version 1.1 (2.2), MaxSocks=32767, MaxUdp=65467
LogOnline: OSS: TryLoadSubsystemAndSetDefault: Loaded subsystem for module [NULL]
LogOculusPluginWrapper: OculusPlugin initialized successfully
LogHMD: Failed initializing OVRPlugin 1.59.0
LogInit: Build: ++UE4+Release-4.27-CL-18319896
LogInit: Engine Version: 4.27.2-18319896+++UE4+Release-4.27
LogInit: Compatible Engine Version: 4.27.0-17155196+++UE4+Release-4.27
LogInit: Net CL: 17155196
LogInit: OS: Windows 10 (Release 2009) (), CPU: AMD Ryzen 5 3600 6-Core Processor              , GPU: Radeon RX 570 Series
LogInit: Compiled (64-bit): Nov 30 2021 07:12:08
LogInit: Compiled with Visual C++: 19.24.28315.00
LogInit: Build Configuration: Development
LogInit: Branch Name: ++UE4+Release-4.27
LogInit: Command Line: 
LogInit: Base Directory: C:/Program Files/Epic Games/UE_4.27/Engine/Binaries/Win64/
LogInit: Allocator: TBB
LogInit: Installed Engine Build: 1
LogDevObjectVersion: Number of dev versions registered: 29
LogDevObjectVersion:   Dev-Blueprints (B0D832E4-1F89-4F0D-ACCF-7EB736FD4AA2): 10
LogDevObjectVersion:   Dev-Build (E1C64328-A22C-4D53-A36C-8E866417BD8C): 0
LogDevObjectVersion:   Dev-Core (375EC13C-06E4-48FB-B500-84F0262A717E): 4
LogDevObjectVersion:   Dev-Editor (E4B068ED-F494-42E9-A231-DA0B2E46BB41): 40
LogDevObjectVersion:   Dev-Framework (CFFC743F-43B0-4480-9391-14DF171D2073): 37
LogDevObjectVersion:   Dev-Mobile (B02B49B5-BB20-44E9-A304-32B752E40360): 3
LogDevObjectVersion:   Dev-Networking (A4E4105C-59A1-49B5-A7C5-40C4547EDFEE): 0
LogDevObjectVersion:   Dev-Online (39C831C9-5AE6-47DC-9A44-9C173E1C8E7C): 0
LogDevObjectVersion:   Dev-Physics (78F01B33-EBEA-4F98-B9B4-84EACCB95AA2): 14
LogDevObjectVersion:   Dev-Platform (6631380F-2D4D-43E0-8009-CF276956A95A): 0
LogDevObjectVersion:   Dev-Rendering (12F88B9F-8875-4AFC-A67C-D90C383ABD29): 45
LogDevObjectVersion:   Dev-Sequencer (7B5AE74C-D270-4C10-A958-57980B212A5A): 13
LogDevObjectVersion:   Dev-VR (D7296918-1DD6-4BDD-9DE2-64A83CC13884): 3
LogDevObjectVersion:   Dev-LoadTimes (C2A15278-BFE7-4AFE-6C17-90FF531DF755): 1
LogDevObjectVersion:   Private-Geometry (6EACA3D4-40EC-4CC1-B786-8BED09428FC5): 3
LogDevObjectVersion:   Dev-AnimPhys (29E575DD-E0A3-4627-9D10-D276232CDCEA): 17
LogDevObjectVersion:   Dev-Anim (AF43A65D-7FD3-4947-9873-3E8ED9C1BB05): 15
LogDevObjectVersion:   Dev-ReflectionCapture (6B266CEC-1EC7-4B8F-A30B-E4D90942FC07): 1
LogDevObjectVersion:   Dev-Automation (0DF73D61-A23F-47EA-B727-89E90C41499A): 1
LogDevObjectVersion:   FortniteMain (601D1886-AC64-4F84-AA16-D3DE0DEAC7D6): 47
LogDevObjectVersion:   FortniteRelease (E7086368-6B23-4C58-8439-1B7016265E91): 1
LogDevObjectVersion:   Dev-Enterprise (9DFFBCD6-494F-0158-E221-12823C92A888): 10
LogDevObjectVersion:   Dev-Niagara (F2AED0AC-9AFE-416F-8664-AA7FFA26D6FC): 1
LogDevObjectVersion:   Dev-Destruction (174F1F0B-B4C6-45A5-B13F-2EE8D0FB917D): 10
LogDevObjectVersion:   Dev-Physics-Ext (35F94A83-E258-406C-A318-09F59610247C): 41
LogDevObjectVersion:   Dev-PhysicsMaterial-Chaos (B68FC16E-8B1B-42E2-B453-215C058844FE): 1
LogDevObjectVersion:   Dev-CineCamera (B2E18506-4273-CFC2-A54E-F4BB758BBA07): 1
LogDevObjectVersion:   Dev-VirtualProduction (64F58936-FD1B-42BA-BA96-7289D5D0FA4E): 1
LogDevObjectVersion:   Dev-MediaFramework (6F0ED827-A609-4895-9C91-998D90180EA4): 2
LogInit: Presizing for max 25165824 objects, including 0 objects not considered by GC, pre-allocating 0 bytes for permanent pool.
LogConfig: Applying CVar settings from Section [/Script/Engine.StreamingSettings] File [C:/Users/1/Documents/GitHub/MAZEGAME/projekcik/Saved/Config/Windows/Engine.ini]
LogConfig: Setting CVar [[s.MinBulkDataSizeForAsyncLoading:131072]]
LogConfig: Setting CVar [[s.AsyncLoadingThreadEnabled:0]]
LogConfig: Setting CVar [[s.EventDrivenLoaderEnabled:1]]
LogConfig: Setting CVar [[s.WarnIfTimeLimitExceeded:0]]
LogConfig: Setting CVar [[s.TimeLimitExceededMultiplier:1.5]]
LogConfig: Setting CVar [[s.TimeLimitExceededMinTime:0.005]]
LogConfig: Setting CVar [[s.UseBackgroundLevelStreaming:1]]
LogConfig: Setting CVar [[s.PriorityAsyncLoadingExtraTime:15.0]]
LogConfig: Setting CVar [[s.LevelStreamingActorsUpdateTimeLimit:5.0]]
LogConfig: Setting CVar [[s.PriorityLevelStreamingActorsUpdateExtraTime:5.0]]
LogConfig: Setting CVar [[s.LevelStreamingComponentsRegistrationGranularity:10]]
LogConfig: Setting CVar [[s.UnregisterComponentsTimeLimit:1.0]]
LogConfig: Setting CVar [[s.LevelStreamingComponentsUnregistrationGranularity:5]]
LogConfig: Setting CVar [[s.FlushStreamingOnExit:1]]
LogInit: Object subsystem initialized
LogConfig: Setting CVar [[con.DebugEarlyDefault:1]]
LogConfig: Setting CVar [[r.setres:1280x720]]
[2023.12.05-13.59.23:135][  0]LogConfig: Setting CVar [[r.VSync:0]]
[2023.12.05-13.59.23:135][  0]LogConfig: Setting CVar [[r.RHICmdBypass:0]]
[2023.12.05-13.59.23:135][  0]LogConfig: Applying CVar settings from Section [/Script/Engine.RendererSettings] File [C:/Users/1/Documents/GitHub/MAZEGAME/projekcik/Saved/Config/Windows/Engine.ini]
[2023.12.05-13.59.23:135][  0]LogConfig: Setting CVar [[r.GPUCrashDebugging:0]]
[2023.12.05-13.59.23:135][  0]LogConfig: Applying CVar settings from Section [/Script/Engine.RendererOverrideSettings] File [C:/Users/1/Documents/GitHub/MAZEGAME/projekcik/Saved/Config/Windows/Engine.ini]
[2023.12.05-13.59.23:135][  0]LogConfig: Applying CVar settings from Section [/Script/Engine.StreamingSettings] File [C:/Users/1/Documents/GitHub/MAZEGAME/projekcik/Saved/Config/Windows/Engine.ini]
[2023.12.05-13.59.23:135][  0]LogConfig: Setting CVar [[s.MinBulkDataSizeForAsyncLoading:131072]]
[2023.12.05-13.59.23:135][  0]LogConfig: Setting CVar [[s.AsyncLoadingThreadEnabled:0]]
[2023.12.05-13.59.23:135][  0]LogConfig: Setting CVar [[s.EventDrivenLoaderEnabled:1]]
[2023.12.05-13.59.23:135][  0]LogConfig: Setting CVar [[s.WarnIfTimeLimitExceeded:0]]
[2023.12.05-13.59.23:135][  0]LogConfig: Setting CVar [[s.TimeLimitExceededMultiplier:1.5]]
[2023.12.05-13.59.23:135][  0]LogConfig: Setting CVar [[s.TimeLimitExceededMinTime:0.005]]
[2023.12.05-13.59.23:135][  0]LogConfig: Setting CVar [[s.UseBackgroundLevelStreaming:1]]
[2023.12.05-13.59.23:135][  0]LogConfig: Setting CVar [[s.PriorityAsyncLoadingExtraTime:15.0]]
[2023.12.05-13.59.23:135][  0]LogConfig: Setting CVar [[s.LevelStreamingActorsUpdateTimeLimit:5.0]]
[2023.12.05-13.59.23:135][  0]LogConfig: Setting CVar [[s.PriorityLevelStreamingActorsUpdateExtraTime:5.0]]
[2023.12.05-13.59.23:135][  0]LogConfig: Setting CVar [[s.LevelStreamingComponentsRegistrationGranularity:10]]
[2023.12.05-13.59.23:135][  0]LogConfig: Setting CVar [[s.UnregisterComponentsTimeLimit:1.0]]
[2023.12.05-13.59.23:135][  0]LogConfig: Setting CVar [[s.LevelStreamingComponentsUnregistrationGranularity:5]]
[2023.12.05-13.59.23:135][  0]LogConfig: Setting CVar [[s.FlushStreamingOnExit:1]]
[2023.12.05-13.59.23:135][  0]LogConfig: Applying CVar settings from Section [/Script/Engine.GarbageCollectionSettings] File [C:/Users/1/Documents/GitHub/MAZEGAME/projekcik/Saved/Config/Windows/Engine.ini]
[2023.12.05-13.59.23:135][  0]LogConfig: Setting CVar [[gc.MaxObjectsNotConsideredByGC:1]]
[2023.12.05-13.59.23:135][  0]LogConfig: Setting CVar [[gc.SizeOfPermanentObjectPool:0]]
[2023.12.05-13.59.23:135][  0]LogConfig: Setting CVar [[gc.FlushStreamingOnGC:0]]
[2023.12.05-13.59.23:135][  0]LogConfig: Setting CVar [[gc.NumRetriesBeforeForcingGC:10]]
[2023.12.05-13.59.23:135][  0]LogConfig: Setting CVar [[gc.AllowParallelGC:1]]
[2023.12.05-13.59.23:135][  0]LogConfig: Setting CVar [[gc.TimeBetweenPurgingPendingKillObjects:61.1]]
[2023.12.05-13.59.23:135][  0]LogConfig: Setting CVar [[gc.MaxObjectsInEditor:25165824]]
[2023.12.05-13.59.23:135][  0]LogConfig: Setting CVar [[gc.IncrementalBeginDestroyEnabled:1]]
[2023.12.05-13.59.23:135][  0]LogConfig: Setting CVar [[gc.CreateGCClusters:1]]
[2023.12.05-13.59.23:135][  0]LogConfig: Setting CVar [[gc.MinGCClusterSize:5]]
[2023.12.05-13.59.23:135][  0]LogConfig: Setting CVar [[gc.ActorClusteringEnabled:0]]
[2023.12.05-13.59.23:135][  0]LogConfig: Setting CVar [[gc.BlueprintClusteringEnabled:0]]
[2023.12.05-13.59.23:135][  0]LogConfig: Setting CVar [[gc.UseDisregardForGCOnDedicatedServers:0]]
[2023.12.05-13.59.23:135][  0]LogConfig: Setting CVar [[gc.MultithreadedDestructionEnabled:1]]
[2023.12.05-13.59.23:135][  0]LogConfig: Applying CVar settings from Section [/Script/Engine.NetworkSettings] File [C:/Users/1/Documents/GitHub/MAZEGAME/projekcik/Saved/Config/Windows/Engine.ini]
[2023.12.05-13.59.23:135][  0]LogConfig: Applying CVar settings from Section [/Script/UnrealEd.CookerSettings] File [C:/Users/1/Documents/GitHub/MAZEGAME/projekcik/Saved/Config/Windows/Engine.ini]
[2023.12.05-13.59.23:145][  0]LogConfig: Applying CVar settings from Section [ViewDistanceQuality@3] File [C:/Users/1/Documents/GitHub/MAZEGAME/projekcik/Saved/Config/Windows/Scalability.ini]
[2023.12.05-13.59.23:145][  0]LogConfig: Setting CVar [[r.SkeletalMeshLODBias:0]]
[2023.12.05-13.59.23:145][  0]LogConfig: Setting CVar [[r.ViewDistanceScale:1.0]]
[2023.12.05-13.59.23:145][  0]LogConfig: Applying CVar settings from Section [AntiAliasingQuality@3] File [C:/Users/1/Documents/GitHub/MAZEGAME/projekcik/Saved/Config/Windows/Scalability.ini]
[2023.12.05-13.59.23:145][  0]LogConfig: Setting CVar [[r.PostProcessAAQuality:4]]
[2023.12.05-13.59.23:145][  0]LogConfig: Applying CVar settings from Section [ShadowQuality@3] File [C:/Users/1/Documents/GitHub/MAZEGAME/projekcik/Saved/Config/Windows/Scalability.ini]
[2023.12.05-13.59.23:146][  0]LogConfig: Setting CVar [[r.LightFunctionQuality:1]]
[2023.12.05-13.59.23:146][  0]LogConfig: Setting CVar [[r.ShadowQuality:5]]
[2023.12.05-13.59.23:146][  0]LogConfig: Setting CVar [[r.Shadow.CSM.MaxCascades:10]]
[2023.12.05-13.59.23:146][  0]LogConfig: Setting CVar [[r.Shadow.MaxResolution:2048]]
[2023.12.05-13.59.23:146][  0]LogConfig: Setting CVar [[r.Shadow.MaxCSMResolution:2048]]
[2023.12.05-13.59.23:146][  0]LogConfig: Setting CVar [[r.Shadow.RadiusThreshold:0.01]]
[2023.12.05-13.59.23:146][  0]LogConfig: Setting CVar [[r.Shadow.DistanceScale:1.0]]
[2023.12.05-13.59.23:146][  0]LogConfig: Setting CVar [[r.Shadow.CSM.TransitionScale:1.0]]
[2023.12.05-13.59.23:146][  0]LogConfig: Setting CVar [[r.Shadow.PreShadowResolutionFactor:1.0]]
[2023.12.05-13.59.23:146][  0]LogConfig: Setting CVar [[r.DistanceFieldShadowing:1]]
[2023.12.05-13.59.23:146][  0]LogConfig: Setting CVar [[r.DistanceFieldAO:1]]
[2023.12.05-13.59.23:146][  0]LogConfig: Setting CVar [[r.AOQuality:2]]
[2023.12.05-13.59.23:146][  0]LogConfig: Setting CVar [[r.VolumetricFog:1]]
[2023.12.05-13.59.23:146][  0]LogConfig: Setting CVar [[r.VolumetricFog.GridPixelSize:8]]
[2023.12.05-13.59.23:146][  0]LogConfig: Setting CVar [[r.VolumetricFog.GridSizeZ:128]]
[2023.12.05-13.59.23:146][  0]LogConfig: Setting CVar [[r.VolumetricFog.HistoryMissSupersampleCount:4]]
[2023.12.05-13.59.23:146][  0]LogConfig: Setting CVar [[r.LightMaxDrawDistanceScale:1]]
[2023.12.05-13.59.23:146][  0]LogConfig: Setting CVar [[r.CapsuleShadows:1]]
[2023.12.05-13.59.23:146][  0]LogConfig: Applying CVar settings from Section [PostProcessQuality@3] File [C:/Users/1/Documents/GitHub/MAZEGAME/projekcik/Saved/Config/Windows/Scalability.ini]
[2023.12.05-13.59.23:146][  0]LogConfig: Setting CVar [[r.MotionBlurQuality:4]]
[2023.12.05-13.59.23:146][  0]LogConfig: Setting CVar [[r.AmbientOcclusionMipLevelFactor:0.4]]
[2023.12.05-13.59.23:146][  0]LogConfig: Setting CVar [[r.AmbientOcclusionMaxQuality:100]]
[2023.12.05-13.59.23:146][  0]LogConfig: Setting CVar [[r.AmbientOcclusionLevels:-1]]
[2023.12.05-13.59.23:146][  0]LogConfig: Setting CVar [[r.AmbientOcclusionRadiusScale:1.0]]
[2023.12.05-13.59.23:146][  0]LogConfig: Setting CVar [[r.DepthOfFieldQuality:2]]
[2023.12.05-13.59.23:146][  0]LogConfig: Setting CVar [[r.RenderTargetPoolMin:400]]
[2023.12.05-13.59.23:146][  0]LogConfig: Setting CVar [[r.LensFlareQuality:2]]
[2023.12.05-13.59.23:146][  0]LogConfig: Setting CVar [[r.SceneColorFringeQuality:1]]
[2023.12.05-13.59.23:146][  0]LogConfig: Setting CVar [[r.EyeAdaptationQuality:2]]
[2023.12.05-13.59.23:146][  0]LogConfig: Setting CVar [[r.BloomQuality:5]]
[2023.12.05-13.59.23:146][  0]LogConfig: Setting CVar [[r.FastBlurThreshold:100]]
[2023.12.05-13.59.23:146][  0]LogConfig: Setting CVar [[r.Upscale.Quality:3]]
[2023.12.05-13.59.23:146][  0]LogConfig: Setting CVar [[r.Tonemapper.GrainQuantization:1]]
[2023.12.05-13.59.23:146][  0]LogConfig: Setting CVar [[r.LightShaftQuality:1]]
[2023.12.05-13.59.23:146][  0]LogConfig: Setting CVar [[r.Filter.SizeScale:1]]
[2023.12.05-13.59.23:146][  0]LogConfig: Setting CVar [[r.Tonemapper.Quality:5]]
[2023.12.05-13.59.23:146][  0]LogConfig: Setting CVar [[r.DOF.Gather.AccumulatorQuality:1        ; higher gathering accumulator quality]]
[2023.12.05-13.59.23:146][  0]LogConfig: Setting CVar [[r.DOF.Gather.PostfilterMethod:1          ; Median3x3 postfilering method]]
[2023.12.05-13.59.23:146][  0]LogConfig: Setting CVar [[r.DOF.Gather.EnableBokehSettings:0       ; no bokeh simulation when gathering]]
[2023.12.05-13.59.23:146][  0]LogConfig: Setting CVar [[r.DOF.Gather.RingCount:4                 ; medium number of samples when gathering]]
[2023.12.05-13.59.23:146][  0]LogConfig: Setting CVar [[r.DOF.Scatter.ForegroundCompositing:1    ; additive foreground scattering]]
[2023.12.05-13.59.23:146][  0]LogConfig: Setting CVar [[r.DOF.Scatter.BackgroundCompositing:2    ; additive background scattering]]
[2023.12.05-13.59.23:146][  0]LogConfig: Setting CVar [[r.DOF.Scatter.EnableBokehSettings:1      ; bokeh simulation when scattering]]
[2023.12.05-13.59.23:146][  0]LogConfig: Setting CVar [[r.DOF.Scatter.MaxSpriteRatio:0.1         ; only a maximum of 10% of scattered bokeh]]
[2023.12.05-13.59.23:146][  0]LogConfig: Setting CVar [[r.DOF.Recombine.Quality:1                ; cheap slight out of focus]]
[2023.12.05-13.59.23:146][  0]LogConfig: Setting CVar [[r.DOF.Recombine.EnableBokehSettings:0    ; no bokeh simulation on slight out of focus]]
[2023.12.05-13.59.23:146][  0]LogConfig: Setting CVar [[r.DOF.TemporalAAQuality:1                ; more stable temporal accumulation]]
[2023.12.05-13.59.23:146][  0]LogConfig: Setting CVar [[r.DOF.Kernel.MaxForegroundRadius:0.025]]
[2023.12.05-13.59.23:146][  0]LogConfig: Setting CVar [[r.DOF.Kernel.MaxBackgroundRadius:0.025]]
[2023.12.05-13.59.23:146][  0]LogConfig: Applying CVar settings from Section [TextureQuality@3] File [C:/Users/1/Documents/GitHub/MAZEGAME/projekcik/Saved/Config/Windows/Scalability.ini]
[2023.12.05-13.59.23:146][  0]LogConfig: Setting CVar [[r.Streaming.MipBias:0]]
[2023.12.05-13.59.23:146][  0]LogConfig: Setting CVar [[r.Streaming.AmortizeCPUToGPUCopy:0]]
[2023.12.05-13.59.23:146][  0]LogConfig: Setting CVar [[r.Streaming.MaxNumTexturesToStreamPerFrame:0]]
[2023.12.05-13.59.23:146][  0]LogConfig: Setting CVar [[r.Streaming.Boost:1]]
[2023.12.05-13.59.23:146][  0]LogConfig: Setting CVar [[r.MaxAnisotropy:8]]
[2023.12.05-13.59.23:146][  0]LogConfig: Setting CVar [[r.VT.MaxAnisotropy:8]]
[2023.12.05-13.59.23:146][  0]LogConfig: Setting CVar [[r.Streaming.LimitPoolSizeToVRAM:0]]
[2023.12.05-13.59.23:146][  0]LogConfig: Setting CVar [[r.Streaming.PoolSize:1000]]
[2023.12.05-13.59.23:146][  0]LogConfig: Setting CVar [[r.Streaming.MaxEffectiveScreenSize:0]]
[2023.12.05-13.59.23:146][  0]LogConfig: Applying CVar settings from Section [EffectsQuality@3] File [C:/Users/1/Documents/GitHub/MAZEGAME/projekcik/Saved/Config/Windows/Scalability.ini]
[2023.12.05-13.59.23:146][  0]LogConfig: Setting CVar [[r.TranslucencyLightingVolumeDim:64]]
[2023.12.05-13.59.23:146][  0]LogConfig: Setting CVar [[r.RefractionQuality:2]]
[2023.12.05-13.59.23:146][  0]LogConfig: Setting CVar [[r.SSR.Quality:3]]
[2023.12.05-13.59.23:146][  0]LogConfig: Setting CVar [[r.SSR.HalfResSceneColor:0]]
[2023.12.05-13.59.23:146][  0]LogConfig: Setting CVar [[r.SceneColorFormat:4]]
[2023.12.05-13.59.23:146][  0]LogConfig: Setting CVar [[r.DetailMode:2]]
[2023.12.05-13.59.23:146][  0]LogConfig: Setting CVar [[r.TranslucencyVolumeBlur:1]]
[2023.12.05-13.59.23:146][  0]LogConfig: Setting CVar [[r.MaterialQualityLevel:1 ; High quality]]
[2023.12.05-13.59.23:146][  0]LogConfig: Setting CVar [[r.AnisotropicMaterials:1]]
[2023.12.05-13.59.23:146][  0]LogConfig: Setting CVar [[r.SSS.Scale:1]]
[2023.12.05-13.59.23:146][  0]LogConfig: Setting CVar [[r.SSS.SampleSet:2]]
[2023.12.05-13.59.23:146][  0]LogConfig: Setting CVar [[r.SSS.Quality:1]]
[2023.12.05-13.59.23:146][  0]LogConfig: Setting CVar [[r.SSS.HalfRes:0]]
[2023.12.05-13.59.23:146][  0]LogConfig: Setting CVar [[r.SSGI.Quality:3]]
[2023.12.05-13.59.23:146][  0]LogConfig: Setting CVar [[r.EmitterSpawnRateScale:1.0]]
[2023.12.05-13.59.23:146][  0]LogConfig: Setting CVar [[r.ParticleLightQuality:2]]
[2023.12.05-13.59.23:146][  0]LogConfig: Setting CVar [[r.SkyAtmosphere.AerialPerspectiveLUT.FastApplyOnOpaque:1 ; Always have FastSkyLUT 1 in this case to avoid wrong sky]]
[2023.12.05-13.59.23:146][  0]LogConfig: Setting CVar [[r.SkyAtmosphere.AerialPerspectiveLUT.SampleCountMaxPerSlice:4]]
[2023.12.05-13.59.23:146][  0]LogConfig: Setting CVar [[r.SkyAtmosphere.AerialPerspectiveLUT.DepthResolution:16.0]]
[2023.12.05-13.59.23:146][  0]LogConfig: Setting CVar [[r.SkyAtmosphere.FastSkyLUT:1]]
[2023.12.05-13.59.23:146][  0]LogConfig: Setting CVar [[r.SkyAtmosphere.FastSkyLUT.SampleCountMin:4.0]]
[2023.12.05-13.59.23:146][  0]LogConfig: Setting CVar [[r.SkyAtmosphere.FastSkyLUT.SampleCountMax:128.0]]
[2023.12.05-13.59.23:146][  0]LogConfig: Setting CVar [[r.SkyAtmosphere.SampleCountMin:4.0]]
[2023.12.05-13.59.23:146][  0]LogConfig: Setting CVar [[r.SkyAtmosphere.SampleCountMax:128.0]]
[2023.12.05-13.59.23:146][  0]LogConfig: Setting CVar [[r.SkyAtmosphere.TransmittanceLUT.UseSmallFormat:0]]
[2023.12.05-13.59.23:146][  0]LogConfig: Setting CVar [[r.SkyAtmosphere.TransmittanceLUT.SampleCount:10.0]]
[2023.12.05-13.59.23:146][  0]LogConfig: Setting CVar [[r.SkyAtmosphere.MultiScatteringLUT.SampleCount:15.0]]
[2023.12.05-13.59.23:146][  0]LogConfig: Setting CVar [[r.SkyLight.RealTimeReflectionCapture:1]]
[2023.12.05-13.59.23:146][  0]LogConfig: Applying CVar settings from Section [FoliageQuality@3] File [C:/Users/1/Documents/GitHub/MAZEGAME/projekcik/Saved/Config/Windows/Scalability.ini]
[2023.12.05-13.59.23:146][  0]LogConfig: Setting CVar [[foliage.DensityScale:1.0]]
[2023.12.05-13.59.23:146][  0]LogConfig: Setting CVar [[grass.DensityScale:1.0]]
[2023.12.05-13.59.23:146][  0]LogConfig: Applying CVar settings from Section [ShadingQuality@3] File [C:/Users/1/Documents/GitHub/MAZEGAME/projekcik/Saved/Config/Windows/Scalability.ini]
[2023.12.05-13.59.23:147][  0]LogConfig: Setting CVar [[r.HairStrands.SkyLighting.IntegrationType:2]]
[2023.12.05-13.59.23:147][  0]LogConfig: Setting CVar [[r.HairStrands.SkyAO.SampleCount:4]]
[2023.12.05-13.59.23:147][  0]LogConfig: Setting CVar [[r.HairStrands.Visibility.MSAA.SamplePerPixel:4]]
[2023.12.05-13.59.23:147][  0]LogInit: Selected Device Profile: [Windows]
[2023.12.05-13.59.23:147][  0]LogInit: Applying CVar settings loaded from the selected device profile: [Windows]
[2023.12.05-13.59.23:147][  0]LogHAL: Display: Platform has ~ 16 GB [17126002688 / 17179869184 / 16], which maps to Larger [LargestMinGB=32, LargerMinGB=12, DefaultMinGB=8, SmallerMinGB=6, SmallestMinGB=0)
[2023.12.05-13.59.23:147][  0]LogInit: Going up to parent DeviceProfile []
[2023.12.05-13.59.23:147][  0]LogConfig: Applying CVar settings from Section [ViewDistanceQuality@3] File [C:/Users/1/Documents/GitHub/MAZEGAME/projekcik/Saved/Config/Windows/Scalability.ini]
[2023.12.05-13.59.23:147][  0]LogConfig: Setting CVar [[r.SkeletalMeshLODBias:0]]
[2023.12.05-13.59.23:147][  0]LogConfig: Setting CVar [[r.ViewDistanceScale:1.0]]
[2023.12.05-13.59.23:147][  0]LogConfig: Applying CVar settings from Section [AntiAliasingQuality@3] File [C:/Users/1/Documents/GitHub/MAZEGAME/projekcik/Saved/Config/Windows/Scalability.ini]
[2023.12.05-13.59.23:147][  0]LogConfig: Setting CVar [[r.PostProcessAAQuality:4]]
[2023.12.05-13.59.23:147][  0]LogConfig: Applying CVar settings from Section [ShadowQuality@3] File [C:/Users/1/Documents/GitHub/MAZEGAME/projekcik/Saved/Config/Windows/Scalability.ini]
[2023.12.05-13.59.23:147][  0]LogConfig: Setting CVar [[r.LightFunctionQuality:1]]
[2023.12.05-13.59.23:147][  0]LogConfig: Setting CVar [[r.ShadowQuality:5]]
[2023.12.05-13.59.23:147][  0]LogConfig: Setting CVar [[r.Shadow.CSM.MaxCascades:10]]
[2023.12.05-13.59.23:147][  0]LogConfig: Setting CVar [[r.Shadow.MaxResolution:2048]]
[2023.12.05-13.59.23:147][  0]LogConfig: Setting CVar [[r.Shadow.MaxCSMResolution:2048]]
[2023.12.05-13.59.23:147][  0]LogConfig: Setting CVar [[r.Shadow.RadiusThreshold:0.01]]
[2023.12.05-13.59.23:147][  0]LogConfig: Setting CVar [[r.Shadow.DistanceScale:1.0]]
[2023.12.05-13.59.23:147][  0]LogConfig: Setting CVar [[r.Shadow.CSM.TransitionScale:1.0]]
[2023.12.05-13.59.23:147][  0]LogConfig: Setting CVar [[r.Shadow.PreShadowResolutionFactor:1.0]]
[2023.12.05-13.59.23:147][  0]LogConfig: Setting CVar [[r.DistanceFieldShadowing:1]]
[2023.12.05-13.59.23:147][  0]LogConfig: Setting CVar [[r.DistanceFieldAO:1]]
[2023.12.05-13.59.23:147][  0]LogConfig: Setting CVar [[r.AOQuality:2]]
[2023.12.05-13.59.23:147][  0]LogConfig: Setting CVar [[r.VolumetricFog:1]]
[2023.12.05-13.59.23:147][  0]LogConfig: Setting CVar [[r.VolumetricFog.GridPixelSize:8]]
[2023.12.05-13.59.23:147][  0]LogConfig: Setting CVar [[r.VolumetricFog.GridSizeZ:128]]
[2023.12.05-13.59.23:147][  0]LogConfig: Setting CVar [[r.VolumetricFog.HistoryMissSupersampleCount:4]]
[2023.12.05-13.59.23:147][  0]LogConfig: Setting CVar [[r.LightMaxDrawDistanceScale:1]]
[2023.12.05-13.59.23:147][  0]LogConfig: Setting CVar [[r.CapsuleShadows:1]]
[2023.12.05-13.59.23:147][  0]LogConfig: Applying CVar settings from Section [PostProcessQuality@3] File [C:/Users/1/Documents/GitHub/MAZEGAME/projekcik/Saved/Config/Windows/Scalability.ini]
[2023.12.05-13.59.23:147][  0]LogConfig: Setting CVar [[r.MotionBlurQuality:4]]
[2023.12.05-13.59.23:147][  0]LogConfig: Setting CVar [[r.AmbientOcclusionMipLevelFactor:0.4]]
[2023.12.05-13.59.23:147][  0]LogConfig: Setting CVar [[r.AmbientOcclusionMaxQuality:100]]
[2023.12.05-13.59.23:147][  0]LogConfig: Setting CVar [[r.AmbientOcclusionLevels:-1]]
[2023.12.05-13.59.23:147][  0]LogConfig: Setting CVar [[r.AmbientOcclusionRadiusScale:1.0]]
[2023.12.05-13.59.23:147][  0]LogConfig: Setting CVar [[r.DepthOfFieldQuality:2]]
[2023.12.05-13.59.23:147][  0]LogConfig: Setting CVar [[r.RenderTargetPoolMin:400]]
[2023.12.05-13.59.23:147][  0]LogConfig: Setting CVar [[r.LensFlareQuality:2]]
[2023.12.05-13.59.23:147][  0]LogConfig: Setting CVar [[r.SceneColorFringeQuality:1]]
[2023.12.05-13.59.23:147][  0]LogConfig: Setting CVar [[r.EyeAdaptationQuality:2]]
[2023.12.05-13.59.23:147][  0]LogConfig: Setting CVar [[r.BloomQuality:5]]
[2023.12.05-13.59.23:147][  0]LogConfig: Setting CVar [[r.FastBlurThreshold:100]]
[2023.12.05-13.59.23:147][  0]LogConfig: Setting CVar [[r.Upscale.Quality:3]]
[2023.12.05-13.59.23:147][  0]LogConfig: Setting CVar [[r.Tonemapper.GrainQuantization:1]]
[2023.12.05-13.59.23:147][  0]LogConfig: Setting CVar [[r.LightShaftQuality:1]]
[2023.12.05-13.59.23:147][  0]LogConfig: Setting CVar [[r.Filter.SizeScale:1]]
[2023.12.05-13.59.23:147][  0]LogConfig: Setting CVar [[r.Tonemapper.Quality:5]]
[2023.12.05-13.59.23:147][  0]LogConfig: Setting CVar [[r.DOF.Gather.AccumulatorQuality:1        ; higher gathering accumulator quality]]
[2023.12.05-13.59.23:147][  0]LogConfig: Setting CVar [[r.DOF.Gather.PostfilterMethod:1          ; Median3x3 postfilering method]]
[2023.12.05-13.59.23:147][  0]LogConfig: Setting CVar [[r.DOF.Gather.EnableBokehSettings:0       ; no bokeh simulation when gathering]]
[2023.12.05-13.59.23:147][  0]LogConfig: Setting CVar [[r.DOF.Gather.RingCount:4                 ; medium number of samples when gathering]]
[2023.12.05-13.59.23:147][  0]LogConfig: Setting CVar [[r.DOF.Scatter.ForegroundCompositing:1    ; additive foreground scattering]]
[2023.12.05-13.59.23:147][  0]LogConfig: Setting CVar [[r.DOF.Scatter.BackgroundCompositing:2    ; additive background scattering]]
[2023.12.05-13.59.23:147][  0]LogConfig: Setting CVar [[r.DOF.Scatter.EnableBokehSettings:1      ; bokeh simulation when scattering]]
[2023.12.05-13.59.23:147][  0]LogConfig: Setting CVar [[r.DOF.Scatter.MaxSpriteRatio:0.1         ; only a maximum of 10% of scattered bokeh]]
[2023.12.05-13.59.23:147][  0]LogConfig: Setting CVar [[r.DOF.Recombine.Quality:1                ; cheap slight out of focus]]
[2023.12.05-13.59.23:147][  0]LogConfig: Setting CVar [[r.DOF.Recombine.EnableBokehSettings:0    ; no bokeh simulation on slight out of focus]]
[2023.12.05-13.59.23:147][  0]LogConfig: Setting CVar [[r.DOF.TemporalAAQuality:1                ; more stable temporal accumulation]]
[2023.12.05-13.59.23:147][  0]LogConfig: Setting CVar [[r.DOF.Kernel.MaxForegroundRadius:0.025]]
[2023.12.05-13.59.23:147][  0]LogConfig: Setting CVar [[r.DOF.Kernel.MaxBackgroundRadius:0.025]]
[2023.12.05-13.59.23:147][  0]LogConfig: Applying CVar settings from Section [TextureQuality@3] File [C:/Users/1/Documents/GitHub/MAZEGAME/projekcik/Saved/Config/Windows/Scalability.ini]
[2023.12.05-13.59.23:147][  0]LogConfig: Setting CVar [[r.Streaming.MipBias:0]]
[2023.12.05-13.59.23:147][  0]LogConfig: Setting CVar [[r.Streaming.AmortizeCPUToGPUCopy:0]]
[2023.12.05-13.59.23:147][  0]LogConfig: Setting CVar [[r.Streaming.MaxNumTexturesToStreamPerFrame:0]]
[2023.12.05-13.59.23:147][  0]LogConfig: Setting CVar [[r.Streaming.Boost:1]]
[2023.12.05-13.59.23:147][  0]LogConfig: Setting CVar [[r.MaxAnisotropy:8]]
[2023.12.05-13.59.23:147][  0]LogConfig: Setting CVar [[r.VT.MaxAnisotropy:8]]
[2023.12.05-13.59.23:147][  0]LogConfig: Setting CVar [[r.Streaming.LimitPoolSizeToVRAM:0]]
[2023.12.05-13.59.23:147][  0]LogConfig: Setting CVar [[r.Streaming.PoolSize:1000]]
[2023.12.05-13.59.23:147][  0]LogConfig: Setting CVar [[r.Streaming.MaxEffectiveScreenSize:0]]
[2023.12.05-13.59.23:147][  0]LogConfig: Applying CVar settings from Section [EffectsQuality@3] File [C:/Users/1/Documents/GitHub/MAZEGAME/projekcik/Saved/Config/Windows/Scalability.ini]
[2023.12.05-13.59.23:147][  0]LogConfig: Setting CVar [[r.TranslucencyLightingVolumeDim:64]]
[2023.12.05-13.59.23:147][  0]LogConfig: Setting CVar [[r.RefractionQuality:2]]
[2023.12.05-13.59.23:147][  0]LogConfig: Setting CVar [[r.SSR.Quality:3]]
[2023.12.05-13.59.23:147][  0]LogConfig: Setting CVar [[r.SSR.HalfResSceneColor:0]]
[2023.12.05-13.59.23:147][  0]LogConfig: Setting CVar [[r.SceneColorFormat:4]]
[2023.12.05-13.59.23:147][  0]LogConfig: Setting CVar [[r.DetailMode:2]]
[2023.12.05-13.59.23:147][  0]LogConfig: Setting CVar [[r.TranslucencyVolumeBlur:1]]
[2023.12.05-13.59.23:147][  0]LogConfig: Setting CVar [[r.MaterialQualityLevel:1 ; High quality]]
[2023.12.05-13.59.23:147][  0]LogConfig: Setting CVar [[r.AnisotropicMaterials:1]]
[2023.12.05-13.59.23:147][  0]LogConfig: Setting CVar [[r.SSS.Scale:1]]
[2023.12.05-13.59.23:147][  0]LogConfig: Setting CVar [[r.SSS.SampleSet:2]]
[2023.12.05-13.59.23:147][  0]LogConfig: Setting CVar [[r.SSS.Quality:1]]
[2023.12.05-13.59.23:147][  0]LogConfig: Setting CVar [[r.SSS.HalfRes:0]]
[2023.12.05-13.59.23:147][  0]LogConfig: Setting CVar [[r.SSGI.Quality:3]]
[2023.12.05-13.59.23:148][  0]LogConfig: Setting CVar [[r.EmitterSpawnRateScale:1.0]]
[2023.12.05-13.59.23:148][  0]LogConfig: Setting CVar [[r.ParticleLightQuality:2]]
[2023.12.05-13.59.23:148][  0]LogConfig: Setting CVar [[r.SkyAtmosphere.AerialPerspectiveLUT.FastApplyOnOpaque:1 ; Always have FastSkyLUT 1 in this case to avoid wrong sky]]
[2023.12.05-13.59.23:148][  0]LogConfig: Setting CVar [[r.SkyAtmosphere.AerialPerspectiveLUT.SampleCountMaxPerSlice:4]]
[2023.12.05-13.59.23:148][  0]LogConfig: Setting CVar [[r.SkyAtmosphere.AerialPerspectiveLUT.DepthResolution:16.0]]
[2023.12.05-13.59.23:148][  0]LogConfig: Setting CVar [[r.SkyAtmosphere.FastSkyLUT:1]]
[2023.12.05-13.59.23:148][  0]LogConfig: Setting CVar [[r.SkyAtmosphere.FastSkyLUT.SampleCountMin:4.0]]
[2023.12.05-13.59.23:148][  0]LogConfig: Setting CVar [[r.SkyAtmosphere.FastSkyLUT.SampleCountMax:128.0]]
[2023.12.05-13.59.23:148][  0]LogConfig: Setting CVar [[r.SkyAtmosphere.SampleCountMin:4.0]]
[2023.12.05-13.59.23:148][  0]LogConfig: Setting CVar [[r.SkyAtmosphere.SampleCountMax:128.0]]
[2023.12.05-13.59.23:148][  0]LogConfig: Setting CVar [[r.SkyAtmosphere.TransmittanceLUT.UseSmallFormat:0]]
[2023.12.05-13.59.23:148][  0]LogConfig: Setting CVar [[r.SkyAtmosphere.TransmittanceLUT.SampleCount:10.0]]
[2023.12.05-13.59.23:148][  0]LogConfig: Setting CVar [[r.SkyAtmosphere.MultiScatteringLUT.SampleCount:15.0]]
[2023.12.05-13.59.23:148][  0]LogConfig: Setting CVar [[r.SkyLight.RealTimeReflectionCapture:1]]
[2023.12.05-13.59.23:148][  0]LogConfig: Applying CVar settings from Section [FoliageQuality@3] File [C:/Users/1/Documents/GitHub/MAZEGAME/projekcik/Saved/Config/Windows/Scalability.ini]
[2023.12.05-13.59.23:148][  0]LogConfig: Setting CVar [[foliage.DensityScale:1.0]]
[2023.12.05-13.59.23:148][  0]LogConfig: Setting CVar [[grass.DensityScale:1.0]]
[2023.12.05-13.59.23:148][  0]LogConfig: Applying CVar settings from Section [ShadingQuality@3] File [C:/Users/1/Documents/GitHub/MAZEGAME/projekcik/Saved/Config/Windows/Scalability.ini]
[2023.12.05-13.59.23:148][  0]LogConfig: Setting CVar [[r.HairStrands.SkyLighting.IntegrationType:2]]
[2023.12.05-13.59.23:148][  0]LogConfig: Setting CVar [[r.HairStrands.SkyAO.SampleCount:4]]
[2023.12.05-13.59.23:148][  0]LogConfig: Setting CVar [[r.HairStrands.Visibility.MSAA.SamplePerPixel:4]]
[2023.12.05-13.59.23:148][  0]LogConfig: Applying CVar settings from Section [Startup] File [../../../Engine/Config/ConsoleVariables.ini]
[2023.12.05-13.59.23:148][  0]LogConfig: Setting CVar [[net.UseAdaptiveNetUpdateFrequency:0]]
[2023.12.05-13.59.23:148][  0]LogConfig: Setting CVar [[p.chaos.AllowCreatePhysxBodies:1]]
[2023.12.05-13.59.23:148][  0]LogConfig: Setting CVar [[fx.SkipVectorVMBackendOptimizations:1]]
[2023.12.05-13.59.23:148][  0]LogConfig: Applying CVar settings from Section [ConsoleVariables] File [C:/Users/1/Documents/GitHub/MAZEGAME/projekcik/Saved/Config/Windows/Engine.ini]
[2023.12.05-13.59.23:148][  0]LogConfig: Applying CVar settings from Section [ConsoleVariables] File [C:/Users/1/Documents/GitHub/MAZEGAME/projekcik/Saved/Config/Windows/Editor.ini]
[2023.12.05-13.59.23:148][  0]LogInit: Computer: HAKOTOP-8JH06K5
[2023.12.05-13.59.23:148][  0]LogInit: User: 1
[2023.12.05-13.59.23:148][  0]LogInit: CPU Page size=4096, Cores=6
[2023.12.05-13.59.23:148][  0]LogInit: High frequency timer resolution =10.000000 MHz
[2023.12.05-13.59.23:148][  0]LogMemory: Memory total: Physical=15.9GB (16GB approx)
[2023.12.05-13.59.23:148][  0]LogMemory: Platform Memory Stats for Windows
[2023.12.05-13.59.23:148][  0]LogMemory: Process Physical Memory: 145.29 MB used, 145.30 MB peak
[2023.12.05-13.59.23:148][  0]LogMemory: Process Virtual Memory: 127.90 MB used, 127.90 MB peak
[2023.12.05-13.59.23:148][  0]LogMemory: Physical Memory: 9531.97 MB used,  6800.66 MB free, 16332.63 MB total
[2023.12.05-13.59.23:148][  0]LogMemory: Virtual Memory: 134214032.00 MB used,  3699.37 MB free, 134217728.00 MB total
[2023.12.05-13.59.23:154][  0]LogWindows: WindowsPlatformFeatures enabled
[2023.12.05-13.59.23:172][  0]LogInit: Physics initialised using underlying interface: PhysX
[2023.12.05-13.59.23:173][  0]LogInit: Using OS detected language (pl-PL).
[2023.12.05-13.59.23:173][  0]LogInit: Using OS detected locale (pl-PL).
[2023.12.05-13.59.23:176][  0]LogTextLocalizationManager: No specific localization for 'pl-PL' exists, so the 'pl' localization will be used.
[2023.12.05-13.59.23:176][  0]LogTextLocalizationResource: LocRes '../../../Engine/Content/Localization/Editor/pl/Editor.locres' could not be opened for reading!
[2023.12.05-13.59.23:176][  0]LogTextLocalizationResource: LocRes '../../../Engine/Content/Localization/EditorTutorials/pl/EditorTutorials.locres' could not be opened for reading!
[2023.12.05-13.59.23:176][  0]LogTextLocalizationResource: LocRes '../../../Engine/Content/Localization/Keywords/pl/Keywords.locres' could not be opened for reading!
[2023.12.05-13.59.23:176][  0]LogTextLocalizationResource: LocRes '../../../Engine/Content/Localization/Category/pl/Category.locres' could not be opened for reading!
[2023.12.05-13.59.23:176][  0]LogTextLocalizationResource: LocRes '../../../Engine/Content/Localization/ToolTips/pl/ToolTips.locres' could not be opened for reading!
[2023.12.05-13.59.23:177][  0]LogTextLocalizationResource: LocRes '../../../Engine/Content/Localization/PropertyNames/pl/PropertyNames.locres' could not be opened for reading!
[2023.12.05-13.59.23:177][  0]LogTextLocalizationResource: LocRes '../../../Engine/Content/Localization/Engine/pl/Engine.locres' could not be opened for reading!
[2023.12.05-13.59.23:178][  0]LogInit: Setting process to per monitor DPI aware
[2023.12.05-13.59.23:192][  0]LogWindowsTextInputMethodSystem: Display: IME system deactivated.
[2023.12.05-13.59.23:211][  0]LogSlate: New Slate User Created.  User Index 0, Is Virtual User: 0
[2023.12.05-13.59.23:211][  0]LogSlate: Slate User Registered.  User Index 0, Is Virtual User: 0
[2023.12.05-13.59.23:360][  0]LogD3D11RHI: Loaded GFSDK_Aftermath_Lib.x64.dll
[2023.12.05-13.59.23:363][  0]LogHMD: Failed to initialize OpenVR with code 110
[2023.12.05-13.59.23:363][  0]LogD3D11RHI: D3D11 min allowed feature level: 11_0
[2023.12.05-13.59.23:363][  0]LogD3D11RHI: D3D11 max allowed feature level: 11_0
[2023.12.05-13.59.23:363][  0]LogD3D11RHI: D3D11 adapters:
[2023.12.05-13.59.23:407][  0]LogD3D11RHI:    0. 'Radeon RX 570 Series' (Feature Level 11_0)
[2023.12.05-13.59.23:407][  0]LogD3D11RHI:       8170/0/8166 MB DedicatedVideo/DedicatedSystem/SharedSystem, Outputs:1, VendorId:0x1002
[2023.12.05-13.59.23:409][  0]LogD3D11RHI:    1. 'Microsoft Basic Render Driver' (Feature Level 11_0)
[2023.12.05-13.59.23:409][  0]LogD3D11RHI:       0/0/8166 MB DedicatedVideo/DedicatedSystem/SharedSystem, Outputs:0, VendorId:0x1414
[2023.12.05-13.59.23:409][  0]LogD3D11RHI: Chosen D3D11 Adapter:
[2023.12.05-13.59.23:410][  0]LogD3D11RHI:     Description : Radeon RX 570 Series
[2023.12.05-13.59.23:410][  0]LogD3D11RHI:     VendorId    : 1002
[2023.12.05-13.59.23:410][  0]LogD3D11RHI:     DeviceId    : 67df
[2023.12.05-13.59.23:410][  0]LogD3D11RHI:     SubSysId    : 5bd1043
[2023.12.05-13.59.23:410][  0]LogD3D11RHI:     Revision    : 00ef
[2023.12.05-13.59.23:410][  0]LogD3D11RHI:     DedicatedVideoMemory : 8567906304 bytes
[2023.12.05-13.59.23:410][  0]LogD3D11RHI:     DedicatedSystemMemory : 0 bytes
[2023.12.05-13.59.23:410][  0]LogD3D11RHI:     SharedSystemMemory : 8563001344 bytes
[2023.12.05-13.59.23:410][  0]LogD3D11RHI:     AdapterLuid : 0 58415
[2023.12.05-13.59.23:419][  0]LogD3D11RHI: Creating new Direct3DDevice
[2023.12.05-13.59.23:419][  0]LogD3D11RHI:     GPU DeviceId: 0x67df (for the marketing name, search the web for "GPU Device Id")
[2023.12.05-13.59.23:419][  0]LogWindows: EnumDisplayDevices:
[2023.12.05-13.59.23:419][  0]LogWindows:    0. 'Radeon RX 570 Series' (P:1 D:1)
[2023.12.05-13.59.23:420][  0]LogWindows:    1. 'Radeon RX 570 Series' (P:0 D:0)
[2023.12.05-13.59.23:420][  0]LogWindows:    2. 'Radeon RX 570 Series' (P:0 D:0)
[2023.12.05-13.59.23:420][  0]LogWindows:    3. 'Radeon RX 570 Series' (P:0 D:0)
[2023.12.05-13.59.23:421][  0]LogWindows:    4. 'Radeon RX 570 Series' (P:0 D:0)
[2023.12.05-13.59.23:421][  0]LogWindows:    5. 'Radeon RX 570 Series' (P:0 D:0)
[2023.12.05-13.59.23:421][  0]LogWindows:    6. 'Radeon RX 570 Series' (P:0 D:0)
[2023.12.05-13.59.23:422][  0]LogWindows: DebugString: FoundDriverCount:7 
[2023.12.05-13.59.23:422][  0]LogD3D11RHI:     Adapter Name: Radeon RX 570 Series
[2023.12.05-13.59.23:422][  0]LogD3D11RHI:   Driver Version: AMD Software: Adrenalin Edition 22.20.27.09 (internal:31.0.12027.9001, unified:31.0.12027.9001)
[2023.12.05-13.59.23:422][  0]LogD3D11RHI:      Driver Date: 3-30-2023
[2023.12.05-13.59.23:422][  0]LogRHI: Texture pool is 5182 MB (70% of 7402 MB)
[2023.12.05-13.59.23:444][  0]LogD3D11RHI: Creating D3DDevice with AMD AGS, using adapter:
[2023.12.05-13.59.23:444][  0]LogD3D11RHI:     Description : Radeon RX 570 Series
[2023.12.05-13.59.23:444][  0]LogD3D11RHI:     VendorId    : 1002
[2023.12.05-13.59.23:444][  0]LogD3D11RHI:     DeviceId    : 67df
[2023.12.05-13.59.23:444][  0]LogD3D11RHI:     SubSysId    : 5bd1043
[2023.12.05-13.59.23:444][  0]LogD3D11RHI:     Revision    : 00ef
[2023.12.05-13.59.23:444][  0]LogD3D11RHI:     DedicatedVideoMemory : 8567906304 bytes
[2023.12.05-13.59.23:444][  0]LogD3D11RHI:     DedicatedSystemMemory : 0 bytes
[2023.12.05-13.59.23:444][  0]LogD3D11RHI:     SharedSystemMemory : 8563001344 bytes
[2023.12.05-13.59.23:444][  0]LogD3D11RHI:     AdapterLuid : 0 58415
[2023.12.05-13.59.23:478][  0]LogD3D11RHI: Created device via AGS, feature level 11_0, supported extensions 1fffffbf.
[2023.12.05-13.59.23:478][  0]LogD3D11RHI: RHI has support for 64 bit atomics
[2023.12.05-13.59.23:478][  0]LogD3D11RHI: Async texture creation enabled
[2023.12.05-13.59.23:478][  0]LogD3D11RHI: Array index from any shader is supported
[2023.12.05-13.59.23:489][  0]LogD3D11RHI: GPU Timing Frequency: 25.000000 (Debug: 2 1)
[2023.12.05-13.59.23:741][  0]LogTargetPlatformManager: Display: Loaded TargetPlatform 'AllDesktop'
[2023.12.05-13.59.23:762][  0]LogTargetPlatformManager: Display: Loaded TargetPlatform 'Android'
[2023.12.05-13.59.23:762][  0]LogTargetPlatformManager: Display: Loaded TargetPlatform 'Android_ASTC'
[2023.12.05-13.59.23:762][  0]LogTargetPlatformManager: Display: Loaded TargetPlatform 'Android_DXT'
[2023.12.05-13.59.23:762][  0]LogTargetPlatformManager: Display: Loaded TargetPlatform 'Android_ETC2'
[2023.12.05-13.59.23:762][  0]LogTargetPlatformManager: Display: Loaded TargetPlatform 'AndroidClient'
[2023.12.05-13.59.23:762][  0]LogTargetPlatformManager: Display: Loaded TargetPlatform 'Android_ASTCClient'
[2023.12.05-13.59.23:762][  0]LogTargetPlatformManager: Display: Loaded TargetPlatform 'Android_DXTClient'
[2023.12.05-13.59.23:762][  0]LogTargetPlatformManager: Display: Loaded TargetPlatform 'Android_ETC2Client'
[2023.12.05-13.59.23:762][  0]LogTargetPlatformManager: Display: Loaded TargetPlatform 'Android_Multi'
[2023.12.05-13.59.23:762][  0]LogTargetPlatformManager: Display: Loaded TargetPlatform 'Android_MultiClient'
[2023.12.05-13.59.23:785][  0]LogTargetPlatformManager: Display: Loaded TargetPlatform 'IOSClient'
[2023.12.05-13.59.23:785][  0]LogTargetPlatformManager: Display: Loaded TargetPlatform 'IOS'
[2023.12.05-13.59.23:796][  0]LogTargetPlatformManager: Display: Loaded TargetPlatform 'Linux'
[2023.12.05-13.59.23:802][  0]LogTargetPlatformManager: Display: Loaded TargetPlatform 'LinuxNoEditor'
[2023.12.05-13.59.23:806][  0]LogTargetPlatformManager: Display: Loaded TargetPlatform 'LinuxClient'
[2023.12.05-13.59.23:811][  0]LogTargetPlatformManager: Display: Loaded TargetPlatform 'LinuxServer'
[2023.12.05-13.59.23:819][  0]LogTargetPlatformManager: Display: Loaded TargetPlatform 'LinuxAArch64NoEditor'
[2023.12.05-13.59.23:823][  0]LogTargetPlatformManager: Display: Loaded TargetPlatform 'LinuxAArch64Client'
[2023.12.05-13.59.23:827][  0]LogTargetPlatformManager: Display: Loaded TargetPlatform 'LinuxAArch64Server'
[2023.12.05-13.59.23:851][  0]LogTargetPlatformManager: Display: Loaded TargetPlatform 'Lumin'
[2023.12.05-13.59.23:851][  0]LogTargetPlatformManager: Display: Loaded TargetPlatform 'LuminClient'
[2023.12.05-13.59.23:858][  0]LogTargetPlatformManager: Display: Loaded TargetPlatform 'MacNoEditor'
[2023.12.05-13.59.23:862][  0]LogTargetPlatformManager: Display: Loaded TargetPlatform 'Mac'
[2023.12.05-13.59.23:866][  0]LogTargetPlatformManager: Display: Loaded TargetPlatform 'MacClient'
[2023.12.05-13.59.23:870][  0]LogTargetPlatformManager: Display: Loaded TargetPlatform 'MacServer'
[2023.12.05-13.59.23:880][  0]LogTargetPlatformManager: Display: Loaded TargetPlatform 'TVOSClient'
[2023.12.05-13.59.23:880][  0]LogTargetPlatformManager: Display: Loaded TargetPlatform 'TVOS'
[2023.12.05-13.59.23:889][  0]LogTargetPlatformManager: Display: Loaded TargetPlatform 'WindowsNoEditor'
[2023.12.05-13.59.23:893][  0]LogTargetPlatformManager: Display: Loaded TargetPlatform 'Windows'
[2023.12.05-13.59.23:898][  0]LogTargetPlatformManager: Display: Loaded TargetPlatform 'WindowsClient'
[2023.12.05-13.59.23:902][  0]LogTargetPlatformManager: Display: Loaded TargetPlatform 'WindowsServer'
[2023.12.05-13.59.23:902][  0]LogTargetPlatformManager: Display: Building Assets For Windows
[2023.12.05-13.59.23:908][  0]LogAudioDebug: Display: Lib vorbis DLL was dynamically loaded.
[2023.12.05-13.59.23:937][  0]LogTextureFormatOodle: Display: Oodle Texture 2.9.0 init RDO Off
[2023.12.05-13.59.23:961][  0]LogRendererCore: Ray tracing is disabled. Reason: r.RayTracing=0.
[2023.12.05-13.59.23:962][  0]LogShaderCompilers: Guid format shader working directory is -20 characters bigger than the processId version (../../../../../../Users/1/Documents/GitHub/MAZEGAME/projekcik/Intermediate/Shaders/WorkingDirectory/20324/).
[2023.12.05-13.59.23:962][  0]LogShaderCompilers: Cleaned the shader compiler working directory 'C:/Users/1/AppData/Local/Temp/UnrealShaderWorkingDir/127EB1BB4AFEEF9E14846C861B2E96F7/'.
[2023.12.05-13.59.23:962][  0]LogXGEController: Cannot use XGE Controller as Incredibuild is not installed on this machine.
[2023.12.05-13.59.23:962][  0]LogShaderCompilers: Cannot use XGE Shader Compiler as Incredibuild is not installed on this machine.
[2023.12.05-13.59.23:962][  0]LogShaderCompilers: Display: Using Local Shader Compiler.
[2023.12.05-13.59.24:606][  0]LogDerivedDataCache: Display: Max Cache Size: 512 MB
[2023.12.05-13.59.24:670][  0]LogDerivedDataCache: Loaded boot cache 0.06s 94MB C:/Users/1/AppData/Local/UnrealEngine/4.27/DerivedDataCache/Boot.ddc.
[2023.12.05-13.59.24:670][  0]LogDerivedDataCache: Display: Loaded Boot cache: C:/Users/1/AppData/Local/UnrealEngine/4.27/DerivedDataCache/Boot.ddc
[2023.12.05-13.59.24:670][  0]LogDerivedDataCache: FDerivedDataBackendGraph:  Pak pak cache file ../../../../../../Users/1/Documents/GitHub/MAZEGAME/projekcik/DerivedDataCache/DDC.ddp not found, will not use a pak cache.
[2023.12.05-13.59.24:670][  0]LogDerivedDataCache: Unable to find inner node Pak for hierarchical cache Hierarchy.
[2023.12.05-13.59.24:670][  0]LogDerivedDataCache: FDerivedDataBackendGraph:  CompressedPak pak cache file ../../../../../../Users/1/Documents/GitHub/MAZEGAME/projekcik/DerivedDataCache/Compressed.ddp not found, will not use a pak cache.
[2023.12.05-13.59.24:670][  0]LogDerivedDataCache: Unable to find inner node CompressedPak for hierarchical cache Hierarchy.
[2023.12.05-13.59.24:687][  0]LogDerivedDataCache: Display: Pak cache opened for reading ../../../Engine/DerivedDataCache/Compressed.ddp.
[2023.12.05-13.59.24:687][  0]LogDerivedDataCache: FDerivedDataBackendGraph:  EnterprisePak pak cache file ../../../Enterprise/DerivedDataCache/Compressed.ddp not found, will not use a pak cache.
[2023.12.05-13.59.24:687][  0]LogDerivedDataCache: Unable to find inner node EnterprisePak for hierarchical cache Hierarchy.
[2023.12.05-13.59.24:693][  0]LogDerivedDataCache: Speed tests for C:/Users/1/AppData/Local/UnrealEngine/Common/DerivedDataCache took 0.01 seconds
[2023.12.05-13.59.24:693][  0]LogDerivedDataCache: Display: Performance to C:/Users/1/AppData/Local/UnrealEngine/Common/DerivedDataCache: Latency=0.02ms. RandomReadSpeed=1221.50MBs, RandomWriteSpeed=188.75MBs. Assigned SpeedClass 'Local'
[2023.12.05-13.59.24:694][  0]LogDerivedDataCache: Using Local data cache path C:/Users/1/AppData/Local/UnrealEngine/Common/DerivedDataCache: Writable
[2023.12.05-13.59.24:694][  0]LogDerivedDataCache: Shared data cache path not found in *engine.ini, will not use an Shared cache.
[2023.12.05-13.59.24:694][  0]LogDerivedDataCache: Unable to find inner node Shared for hierarchical cache Hierarchy.
[2023.12.05-13.59.24:736][  0]LogSlate: Using FreeType 2.10.0
[2023.12.05-13.59.24:736][  0]LogSlate: SlateFontServices - WITH_FREETYPE: 1, WITH_HARFBUZZ: 1
[2023.12.05-13.59.24:757][  0]LogAssetRegistry: FAssetRegistry took 0.0033 seconds to start up
[2023.12.05-13.59.25:012][  0]LogInit: Selected Device Profile: [Windows]
[2023.12.05-13.59.25:013][  0]LogInit: Active device profile: [000002A551F98900][000002A551A0B600 49] Windows
[2023.12.05-13.59.25:013][  0]LogInit: Profiles: [000002A551F98900][000002A551A0B600 49] Windows, [000002A551F2F800][000002A551A13780 49] WindowsNoEditor, [000002A551F9B500][000002A551A17900 49] WindowsServer, [000002A551F2CE00][000002A551A1FA80 49] WindowsClient, [000002A551F9B800][000002A551A23C00 49] IOS, [000002A551F2E800][000002A551A2E200 49] iPadAir, [000002A551F9A000][000002A551A3A380 49] iPadAir2, [000002A551CD8A00][000002A551A5C640 49] IPadPro, [000002A551CD8B00][000002A551A3E680 49] iPadAir3, [000002A551F2D800][000002A551A0E7C0 49] iPadAir4, [000002A551CDB400][000002A551A8A900 49] iPadMini2, [000002A551F2EA00][000002A551A8EA40 49] iPadMini3, [000002A551CD9700][000002A551A92B80 49] iPadMini4, [000002A551F99000][000002A551A9AD00 49] iPadMini5, [000002A551CE4300][000002A551AF6FC0 49] iPhone6, [000002A551CE4400][000002A551AF3000 49] iPodTouch6, [000002A551CDB600][000002A542E672C0 49] iPhone7, [000002A551CD9800][000002A551B5F300 49] iPodTouch7, [000002A551CE7F00][000002A542E7F480 49] iPhone5S, [000002A551F2E300][000002A551BAF600 49] iPhone6Plus, [000002A551CD8200][000002A551BB3780 49] iPhone6S, [000002A551F2E200][000002A551BB7900 49] iPhone6SPlus, [000002A551CDBC00][000002A551BBBA80 49] iPhone7Plus, [000002A551F2C100][000002A545C51C00 49] iPhoneSE, [000002A551CDB500][000002A545C5C200 49] iPhone8, [000002A551F2DE00][000002A552F9C380 49] iPhone8Plus, [000002A551CD9000][000002A552FA0500 49] iPhoneX, [000002A551F2CA00][000002A552FCA680 49] iPhoneXS, [000002A551CD9200][000002A551AA6800 49] iPhoneXSMax, [000002A551F2D500][000002A551A96940 49] iPhoneXR, [000002A551CDB700][000002A545C88A80 49] iPhone11, [000002A551F2CD00][000002A545CA2BC0 49] iPhone11Pro, [000002A551CDB800][000002A545CA6D00 49] iPhone11ProMax, [000002A551F2CF00][000002A545CAEE80 49] iPhoneSE2, [000002A551CDAE00][000002A545CB3000 49] iPhone12Mini, [000002A551F2F100][000002A545CB7180 49] iPhone12, [000002A551CDAB00][000002A545CBB300 49] iPhone12Pro, [000002A551F2C800][000002A551103480 49] iPhone12ProMax, [000002A551CDA300][000002A551133600 49] iPadPro105, [000002A551F2EF00][000002A551137780 49] iPadPro129, [000002A551CDA000][000002A55116B900 49] iPadPro97, [000002A551F2D300][000002A552C3FA80 49] iPadPro2_129, [000002A551CD9A00][000002A552C43C00 49] iPad5, [000002A551F2DA00][000002A552C46200 49] iPad6, [000002A551CDA800][000002A552C86380 49] iPad7, [000002A551F2CC00][000002A552E48500 49] iPad8, [000002A551CDB200][000002A552E58680 49] iPadPro11, [000002A551F2D600][000002A552E5C800 49] iPadPro2_11, [000002A551CD9C00][000002A552E60980 49] iPadPro3_129, [000002A551F2F900][000002A552E64B00 49] iPadPro4_129, [000002A551CD9500][000002A545CAAC40 49] AppleTV, [000002A551F2C300][000002A552E6CD80 49] AppleTV4K, [000002A551CD8100][000002A552E7AEC0 49] TVOS, [000002A551F2E400][000002A552E83040 49] Mac, [000002A551CDA100][000002A552E871C0 49] MacClient, [000002A551F2F400][000002A552E8B340 49] MacNoEditor, [000002A551CD9F00][000002A552E8F4C0 49] MacServer, [000002A551F2C600][000002A552E93640 49] Linux, [000002A551CDA200][000002A552E977C0 49] LinuxAArch64, [000002A551F2F600][000002A550FEF940 49] LinuxNoEditor, [000002A551CD9D00][000002A552ED7AC0 49] LinuxAArch64NoEditor, [000002A551F2D400][000002A550FF60C0 49] LinuxClient, [000002A551CDB100][000002A550FFA240 49] LinuxAArch64Client, [000002A551F2D900][000002A550FFE3C0 49] LinuxServer, [000002A551CDB000][000002A5533B4540 49] LinuxAArch64Server, [000002A551F2E600][000002A5533B86C0 49] Android, [000002A551CD8700][000002A5533C0840 49] Android_Low, [000002A551F2DB00][000002A5533C49C0 49] Android_Mid, [000002A551F9BA00][000002A5533C8B40 49] Android_High, [000002A551CE5C00][000002A5533CCCC0 49] Android_Default, [000002A551F9A100][000002A552E7EE00 49] Android_Adreno4xx, [000002A551CE6700][000002A5533DAF40 49] Android_Adreno5xx_Low, [000002A551F98B00][000002A5510F7080 49] Android_Adreno5xx, [000002A551CE6D00][000002A5510FB1C0 49] Android_Adreno6xx, [000002A551F99200][000002A553377340 49] Android_Adreno6xx_Vulkan, [000002A551CE6800][000002A5510FF4C0 49] Android_Mali_T6xx, [000002A551F9B200][000002A552C4B640 49] Android_Mali_T7xx, [000002A551CE6E00][000002A550FF37C0 49] Android_Mali_T8xx, [000002A551F9A500][000002A552C4F940 49] Android_Mali_G71, [000002A551CE7E00][000002A552C53AC0 49] Android_Mali_G72, [000002A551F9AA00][000002A552C560C0 49] Android_Mali_G72_Vulkan, [000002A551CE5B00][000002A552C5A240 49] Android_Mali_G76, [000002A551F99B00][000002A552C5E3C0 49] Android_Mali_G76_Vulkan, [000002A551CE7D00][000002A552C62540 49] Android_Mali_G77, [000002A551F9AD00][000002A552C666C0 49] Android_Mali_G77_Vulkan, [000002A551CE7900][000002A552C6A840 49] Android_Mali_G78, [000002A551F98D00][000002A552C6E9C0 49] Android_Mali_G78_Vulkan, [000002A551CE4500][000002A552C72B40 49] Android_Mali_G710, [000002A551F9AB00][000002A552C76CC0 49] Android_Mali_G710_Vulkan, [000002A551CE7500][000002A552C7AE40 49] Android_Vulkan_SM5, [000002A551F9B400][000002A5533BCF80 49] Android_PowerVR_G6xxx, [000002A551CE6400][000002A552C7F0C0 49] Android_PowerVR_GT7xxx, [000002A551F9BC00][000002A552C83200 49] Android_PowerVR_GE8xxx, [000002A551CE6200][000002A552BF9340 49] Android_PowerVR_GM9xxx, [000002A551F9B000][000002A552C014C0 49] Android_PowerVR_GM9xxx_Vulkan, [000002A551CE5500][000002A552C05640 49] Android_TegraK1, [000002A551F99100][000002A552C097C0 49] Android_Unknown_Vulkan, [000002A551F2FD00][000002A552C0D940 49] Lumin, [000002A551F9A900][000002A552C11AC0 49] Lumin_Desktop, [000002A551F2FE00][000002A552C140C0 49] HoloLens, 
[2023.12.05-13.59.25:050][  0]LogMeshReduction: Using QuadricMeshReduction for automatic static mesh reduction
[2023.12.05-13.59.25:050][  0]LogMeshReduction: Using SimplygonMeshReduction for automatic skeletal mesh reduction
[2023.12.05-13.59.25:050][  0]LogMeshReduction: Using ProxyLODMeshReduction for automatic mesh merging
[2023.12.05-13.59.25:050][  0]LogMeshReduction: No distributed automatic mesh merging module available
[2023.12.05-13.59.25:050][  0]LogMeshMerging: No distributed automatic mesh merging module available
[2023.12.05-13.59.25:141][  0]LogNetVersion: projekcik 1.0.0, NetCL: 17155196, EngineNetVer: 17, GameNetVer: 0 (Checksum: 3402031159)
[2023.12.05-13.59.25:468][  0]LogTexture: Default maximum texture size for cubemaps generated from long-lat sources has been changed from 512 to unlimited. In order to preserve old behaiour for '/Engine/MapTemplates/Sky/DaylightAmbientCubemap.DaylightAmbientCubemap', its maximum texture size has been explicitly set to 512.
[2023.12.05-13.59.25:528][  0]LogHMD: PokeAHoleMaterial loaded successfully
[2023.12.05-13.59.25:534][  0]LogUObjectArray: 17179 objects as part of root set at end of initial load.
[2023.12.05-13.59.25:534][  0]LogUObjectAllocator: 4302256 out of 0 bytes used by permanent object pool.
[2023.12.05-13.59.25:534][  0]LogUObjectArray: CloseDisregardForGC: 0/0 objects in disregard for GC pool
[2023.12.05-13.59.25:778][  0]LogNiagaraDebuggerClient: Niagara Debugger Client Initialized | Session: A93CC9B7470C4711232908A320D08963 | Instance: 85DBFCA8418CB0377AE8EBB766B136E4 (HAKOTOP-8JH06K5-20324).
[2023.12.05-13.59.25:810][  0]LogPython: Using Python 3.7.7
[2023.12.05-13.59.26:390][  0]LogUdpMessaging: Initializing bridge on interface 0.0.0.0:0 to multicast group 230.0.0.1:6666.
[2023.12.05-13.59.26:396][  0]LogTcpMessaging: Initializing TcpMessaging bridge
[2023.12.05-13.59.26:528][  0]SourceControl: Source control is disabled
[2023.12.05-13.59.26:528][  0]SourceControl: Source control is disabled
[2023.12.05-13.59.26:530][  0]SourceControl: Source control is disabled
[2023.12.05-13.59.26:533][  0]SourceControl: Source control is disabled
[2023.12.05-13.59.26:540][  0]SourceControl: Source control is disabled
[2023.12.05-13.59.26:549][  0]LogUProjectInfo: Found projects:
[2023.12.05-13.59.26:555][  0]LogVSAccessor: Display: Unable to create Visual Studio setup instance: 80040154
[2023.12.05-13.59.26:556][  0]LogVSAccessor: Display: Unable to create Visual Studio setup instance: 80040154
[2023.12.05-13.59.26:556][  0]LogVSAccessor: Display: Unable to create Visual Studio setup instance: 80040154
[2023.12.05-13.59.26:731][  0]LogOpenImageDenoise: OIDN starting up
[2023.12.05-13.59.26:780][  0]LogAndroidPermission: UAndroidPermissionCallbackProxy::GetInstance
[2023.12.05-13.59.26:799][  0]LogAudioCaptureCore: Display: No Audio Capture implementations found. Audio input will be silent.
[2023.12.05-13.59.26:799][  0]LogAudioCaptureCore: Display: No Audio Capture implementations found. Audio input will be silent.
[2023.12.05-13.59.26:907][  0]LogCollectionManager: Loaded 0 collections in 0.001717 seconds
[2023.12.05-13.59.26:932][  0]LogFileCache: Scanning file cache for directory 'C:/Users/1/Documents/GitHub/MAZEGAME/projekcik/Saved/Collections/' took 0.00s
[2023.12.05-13.59.26:932][  0]LogFileCache: Scanning file cache for directory 'C:/Users/1/Documents/GitHub/MAZEGAME/projekcik/Content/Developers/1/Collections/' took 0.00s
[2023.12.05-13.59.26:932][  0]LogFileCache: Scanning file cache for directory 'C:/Users/1/Documents/GitHub/MAZEGAME/projekcik/Content/Collections/' took 0.00s
[2023.12.05-13.59.26:932][  0]LogOcInput: OculusInput pre-init called
[2023.12.05-13.59.27:132][  0]LogEngine: Initializing Engine...
[2023.12.05-13.59.27:134][  0]LogHMD: Failed to enumerate extensions. Please check that you have a valid OpenXR runtime installed.
[2023.12.05-13.59.27:134][  0]LogHMD: Failed to initialize OpenVR with code 110
[2023.12.05-13.59.27:134][  0]LogMagicLeap: Warning: VR disabled because ZI is not enabled.  To enable, in the editor, Edit -> Project Settings -> Plugins -> Magic Leap Plugin -> Enable Zero Iteration
[2023.12.05-13.59.27:135][  0]LogStats: UGameplayTagsManager::InitializeManager -  0.000 s
[2023.12.05-13.59.27:261][  0]LogInit: Initializing FReadOnlyCVARCache
[2023.12.05-13.59.27:269][  0]LogAIModule: Creating AISystem for world Untitled
[2023.12.05-13.59.27:284][  0]LogAudio: Display: Initializing Audio Device Manager...
[2023.12.05-13.59.27:287][  0]LogAudio: Display: Loading Default Audio Settings Objects...
[2023.12.05-13.59.27:288][  0]LogAudio: Display: No default SoundConcurrencyObject specified (or failed to load).
[2023.12.05-13.59.27:288][  0]LogAudio: Display: Audio Device Manager Initialized
[2023.12.05-13.59.27:288][  0]LogAudio: Display: Creating Audio Device:                 Id: 1, Scope: Shared, Realtime: True
[2023.12.05-13.59.27:288][  0]LogAudioMixer: Display: Audio Mixer Platform Settings:
[2023.12.05-13.59.27:288][  0]LogAudioMixer: Display: 	Sample Rate:						  48000
[2023.12.05-13.59.27:288][  0]LogAudioMixer: Display: 	Callback Buffer Frame Size Requested: 1024
[2023.12.05-13.59.27:288][  0]LogAudioMixer: Display: 	Callback Buffer Frame Size To Use:	  1024
[2023.12.05-13.59.27:288][  0]LogAudioMixer: Display: 	Number of buffers to queue:			  2
[2023.12.05-13.59.27:288][  0]LogAudioMixer: Display: 	Max Channels (voices):				  32
[2023.12.05-13.59.27:288][  0]LogAudioMixer: Display: 	Number of Async Source Workers:		  0
[2023.12.05-13.59.27:288][  0]LogAudio: Display: AudioDevice MaxSources: 32
[2023.12.05-13.59.27:289][  0]LogAudio: Display: Audio Spatialization Plugin: None (built-in).
[2023.12.05-13.59.27:289][  0]LogAudio: Display: Audio Reverb Plugin: None (built-in).
[2023.12.05-13.59.27:289][  0]LogAudio: Display: Audio Occlusion Plugin: None (built-in).
[2023.12.05-13.59.27:289][  0]LogAudioMixer: Display: Initializing audio mixer.
[2023.12.05-13.59.27:301][  0]LogAudioMixer: Display: 0: FrontLeft
[2023.12.05-13.59.27:301][  0]LogAudioMixer: Display: 1: FrontRight
[2023.12.05-13.59.27:322][  0]LogAudioMixer: Display: Using Audio Device Głośniki (Realtek(R) Audio)
[2023.12.05-13.59.27:325][  0]LogAudioMixer: Display: Initializing Sound Submixes...
[2023.12.05-13.59.27:327][  0]LogAudioMixer: Display: Creating Master Submix 'MasterSubmixDefault'
[2023.12.05-13.59.27:327][  0]LogAudioMixer: Display: Creating Master Submix 'MasterReverbSubmixDefault'
[2023.12.05-13.59.27:328][  0]LogAudioMixer: Display: Creating Master Submix 'MasterEQSubmixDefault'
[2023.12.05-13.59.27:328][  0]LogAudioMixer: FMixerPlatformXAudio2::StartAudioStream() called
[2023.12.05-13.59.27:328][  0]LogAudioMixer: Display: Output buffers initialized: Frames=1024, Channels=2, Samples=2048
[2023.12.05-13.59.27:328][  0]LogAudioMixer: Display: Starting AudioMixerPlatformInterface::RunInternal()
[2023.12.05-13.59.27:328][  0]LogAudioMixer: Display: FMixerPlatformXAudio2::SubmitBuffer() called for the first time
[2023.12.05-13.59.27:328][  0]LogInit: FAudioDevice initialized.
[2023.12.05-13.59.27:329][  0]LogAudio: Display: Audio Device (ID: 1) registered with world 'Untitled'.
[2023.12.05-13.59.27:329][  0]LogNetVersion: Set ProjectVersion to 1.0.0.0. Version Checksum will be recalculated on next use.
[2023.12.05-13.59.27:438][  0]LogDerivedDataCache: Saved boot cache 0.11s 94MB C:/Users/1/AppData/Local/UnrealEngine/4.27/DerivedDataCache/Boot.ddc.
[2023.12.05-13.59.27:438][  0]LogInit: Texture streaming: Enabled
[2023.12.05-13.59.27:451][  0]LogAnalytics: Display: [UEEditor.Rocket.Release] APIServer = https://datarouter.ol.epicgames.com/. AppVersion = 4.27.2-18319896+++UE4+Release-4.27
[2023.12.05-13.59.27:454][  0]LogEngineSessionManager: EngineSessionManager initialized
[2023.12.05-13.59.27:454][  0]LogEditorSessionSummary: Verbose: Initializing EditorSessionSummaryWriter for editor session tracking
[2023.12.05-13.59.27:457][  0]LogEditorSessionSummary: EditorSessionSummaryWriter initialized
[2023.12.05-13.59.27:483][  0]LogInit: Transaction tracking system initialized
[2023.12.05-13.59.27:501][  0]BlueprintLog: New page: Editor Load
[2023.12.05-13.59.27:556][  0]LocalizationService: Localization service is disabled
[2023.12.05-13.59.27:588][  0]TimingProfiler: Initialize
[2023.12.05-13.59.27:588][  0]TimingProfiler: OnSessionChanged
[2023.12.05-13.59.27:588][  0]LoadingProfiler: Initialize
[2023.12.05-13.59.27:588][  0]LoadingProfiler: OnSessionChanged
[2023.12.05-13.59.27:588][  0]NetworkingProfiler: Initialize
[2023.12.05-13.59.27:588][  0]NetworkingProfiler: OnSessionChanged
[2023.12.05-13.59.27:588][  0]MemoryProfiler: Initialize
[2023.12.05-13.59.27:588][  0]MemoryProfiler: OnSessionChanged
[2023.12.05-13.59.27:639][  0]LogVSAccessor: Display: Unable to create Visual Studio setup instance: 80040154
[2023.12.05-13.59.27:639][  0]LogVSAccessor: Display: Unable to create Visual Studio setup instance: 80040154
[2023.12.05-13.59.27:639][  0]LogVSAccessor: Display: Unable to create Visual Studio setup instance: 80040154
[2023.12.05-13.59.28:005][  0]LogCook: Display: CookSettings for Memory: MemoryMaxUsedVirtual 0MiB, MemoryMaxUsedPhysical 16384MiB, MemoryMinFreeVirtual 0MiB, MemoryMinFreePhysical 1024MiB
[2023.12.05-13.59.28:005][  0]LogCook: Display: Mobile HDR setting 1
[2023.12.05-13.59.28:174][  0]LogFileCache: Scanning file cache for directory 'C:/Users/1/Documents/GitHub/MAZEGAME/projekcik/Content/' took 0.01s
[2023.12.05-13.59.28:323][  0]LogInit: Display: Engine is initialized. Leaving FEngineLoop::Init()
[2023.12.05-13.59.28:326][  0]SourceControl: Source control is disabled
[2023.12.05-13.59.28:326][  0]LogUnrealEdMisc: Loading editor; pre map load, took 6.174
[2023.12.05-13.59.28:326][  0]Cmd: MAP LOAD FILE="../../../Engine/Content/Maps/Templates/Template_Default.umap" TEMPLATE=1 SHOWPROGRESS=1 FEATURELEVEL=3
[2023.12.05-13.59.28:327][  0]LightingResults: New page: Lighting Build
[2023.12.05-13.59.28:328][  0]LogWorld: UWorld::CleanupWorld for Untitled, bSessionEnded=true, bCleanupResources=true
[2023.12.05-13.59.28:328][  0]LogSlate: InvalidateAllWidgets triggered.  All widgets were invalidated
[2023.12.05-13.59.28:328][  0]MapCheck: New page: Map Check
[2023.12.05-13.59.28:328][  0]LightingResults: New page: Lighting Build
[2023.12.05-13.59.28:347][  0]LogAudio: Display: Audio Device unregistered from world 'None'.
[2023.12.05-13.59.28:350][  0]LogUObjectHash: Compacting FUObjectHashTables data took   0.86ms
[2023.12.05-13.59.28:397][  0]LogTexture: Display: Building textures: DeprecatedTextureEB9CBE3C423008B5E8E130901E171C89 (BGRA8, 128X128)
[2023.12.05-13.59.28:404][  0]LogAudio: Display: Audio Device (ID: 1) registered with world 'Untitled_1'.
[2023.12.05-13.59.28:405][  0]LogAIModule: Creating AISystem for world Untitled_1
[2023.12.05-13.59.28:411][  0]LogEditorServer: Finished looking for orphan Actors (0.000 secs)
[2023.12.05-13.59.28:416][  0]LogUObjectHash: Compacting FUObjectHashTables data took   0.83ms
[2023.12.05-13.59.28:416][  0]Cmd: MAP CHECKDEP NOCLEARLOG
[2023.12.05-13.59.28:416][  0]MapCheck: Map check complete: 0 Error(s), 0 Warning(s), took 0,179ms to complete.
[2023.12.05-13.59.28:416][  0]LogFileHelpers: Loading map 'Template_Default' took 0.090
[2023.12.05-13.59.28:418][  0]LogUnrealEdMisc: Total Editor Startup Time, took 6.266
[2023.12.05-13.59.28:544][  0]LogSlate: Updating window title bar state: overlay mode, drag disabled, window buttons hidden, title bar hidden
[2023.12.05-13.59.28:551][  0]LogSlate: Updating window title bar state: overlay mode, drag disabled, window buttons hidden, title bar hidden
[2023.12.05-13.59.28:556][  0]LogSlate: Updating window title bar state: overlay mode, drag disabled, window buttons hidden, title bar hidden
[2023.12.05-13.59.28:560][  0]LogSlate: Updating window title bar state: overlay mode, drag disabled, window buttons hidden, title bar hidden
[2023.12.05-13.59.28:575][  0]LogNativeClassHierarchy: Verbose: Native class hierarchy populated in 0.0102 seconds. Added 3822 classes and 928 folders.
[2023.12.05-13.59.28:578][  0]LogNativeClassHierarchy: Verbose: Native class hierarchy updated for 'WidgetCarousel' in 0.0004 seconds. Added 0 classes and 0 folders.
[2023.12.05-13.59.28:580][  0]LogPakFile: PakFile PrimaryIndexSize=187
[2023.12.05-13.59.28:580][  0]LogPakFile: PakFile PathHashIndexSize=101
[2023.12.05-13.59.28:580][  0]LogPakFile: PakFile FullDirectoryIndexSize=148
[2023.12.05-13.59.28:580][  0]LogShaderLibrary: Display: ShaderCodeLibraryPakFileMountedCallback: PakFile 'C:/Program Files/Epic Games/UE_4.27/FeaturePacks/FP_FirstPerson.upack' (chunk index -1, root 'root:/') mounted
[2023.12.05-13.59.28:580][  0]LogShaderLibrary: Display: ShaderCodeLibraryPakFileMountedCallback: pending pak file info (ChunkID:-1 Root:root:/ File:C:/Program Files/Epic Games/UE_4.27/FeaturePacks/FP_FirstPerson.upack)
[2023.12.05-13.59.28:580][  0]LogPakFile: OnPakFileMounted2Time == 0.000052
[2023.12.05-13.59.28:580][  0]LogPakFile: PakFile PrimaryIndexSize=189
[2023.12.05-13.59.28:580][  0]LogPakFile: PakFile PathHashIndexSize=101
[2023.12.05-13.59.28:580][  0]LogPakFile: PakFile FullDirectoryIndexSize=152
[2023.12.05-13.59.28:580][  0]LogShaderLibrary: Display: ShaderCodeLibraryPakFileMountedCallback: PakFile 'C:/Program Files/Epic Games/UE_4.27/FeaturePacks/FP_FirstPersonBP.upack' (chunk index -1, root 'root:/') mounted
[2023.12.05-13.59.28:580][  0]LogShaderLibrary: Display: ShaderCodeLibraryPakFileMountedCallback: pending pak file info (ChunkID:-1 Root:root:/ File:C:/Program Files/Epic Games/UE_4.27/FeaturePacks/FP_FirstPersonBP.upack)
[2023.12.05-13.59.28:580][  0]LogPakFile: OnPakFileMounted2Time == 0.000032
[2023.12.05-13.59.28:581][  0]LogPakFile: PakFile PrimaryIndexSize=191
[2023.12.05-13.59.28:581][  0]LogPakFile: PakFile PathHashIndexSize=101
[2023.12.05-13.59.28:581][  0]LogPakFile: PakFile FullDirectoryIndexSize=160
[2023.12.05-13.59.28:581][  0]LogShaderLibrary: Display: ShaderCodeLibraryPakFileMountedCallback: PakFile 'C:/Program Files/Epic Games/UE_4.27/FeaturePacks/MobileStarterContent.upack' (chunk index -1, root 'root:/') mounted
[2023.12.05-13.59.28:581][  0]LogShaderLibrary: Display: ShaderCodeLibraryPakFileMountedCallback: pending pak file info (ChunkID:-1 Root:root:/ File:C:/Program Files/Epic Games/UE_4.27/FeaturePacks/MobileStarterContent.upack)
[2023.12.05-13.59.28:581][  0]LogPakFile: OnPakFileMounted2Time == 0.000032
[2023.12.05-13.59.28:581][  0]LogPakFile: PakFile PrimaryIndexSize=185
[2023.12.05-13.59.28:581][  0]LogPakFile: PakFile PathHashIndexSize=101
[2023.12.05-13.59.28:581][  0]LogPakFile: PakFile FullDirectoryIndexSize=148
[2023.12.05-13.59.28:582][  0]LogShaderLibrary: Display: ShaderCodeLibraryPakFileMountedCallback: PakFile 'C:/Program Files/Epic Games/UE_4.27/FeaturePacks/StarterContent.upack' (chunk index -1, root 'root:/') mounted
[2023.12.05-13.59.28:582][  0]LogShaderLibrary: Display: ShaderCodeLibraryPakFileMountedCallback: pending pak file info (ChunkID:-1 Root:root:/ File:C:/Program Files/Epic Games/UE_4.27/FeaturePacks/StarterContent.upack)
[2023.12.05-13.59.28:582][  0]LogPakFile: OnPakFileMounted2Time == 0.000031
[2023.12.05-13.59.28:582][  0]LogPakFile: PakFile PrimaryIndexSize=190
[2023.12.05-13.59.28:582][  0]LogPakFile: PakFile PathHashIndexSize=101
[2023.12.05-13.59.28:582][  0]LogPakFile: PakFile FullDirectoryIndexSize=154
[2023.12.05-13.59.28:582][  0]LogShaderLibrary: Display: ShaderCodeLibraryPakFileMountedCallback: PakFile 'C:/Program Files/Epic Games/UE_4.27/FeaturePacks/TP_2DSideScroller.upack' (chunk index -1, root 'root:/') mounted
[2023.12.05-13.59.28:582][  0]LogShaderLibrary: Display: ShaderCodeLibraryPakFileMountedCallback: pending pak file info (ChunkID:-1 Root:root:/ File:C:/Program Files/Epic Games/UE_4.27/FeaturePacks/TP_2DSideScroller.upack)
[2023.12.05-13.59.28:582][  0]LogPakFile: OnPakFileMounted2Time == 0.000028
[2023.12.05-13.59.28:583][  0]LogPakFile: PakFile PrimaryIndexSize=192
[2023.12.05-13.59.28:583][  0]LogPakFile: PakFile PathHashIndexSize=101
[2023.12.05-13.59.28:583][  0]LogPakFile: PakFile FullDirectoryIndexSize=158
[2023.12.05-13.59.28:583][  0]LogShaderLibrary: Display: ShaderCodeLibraryPakFileMountedCallback: PakFile 'C:/Program Files/Epic Games/UE_4.27/FeaturePacks/TP_2DSideScrollerBP.upack' (chunk index -1, root 'root:/') mounted
[2023.12.05-13.59.28:583][  0]LogShaderLibrary: Display: ShaderCodeLibraryPakFileMountedCallback: pending pak file info (ChunkID:-1 Root:root:/ File:C:/Program Files/Epic Games/UE_4.27/FeaturePacks/TP_2DSideScrollerBP.upack)
[2023.12.05-13.59.28:583][  0]LogPakFile: OnPakFileMounted2Time == 0.000028
[2023.12.05-13.59.28:583][  0]LogPakFile: PakFile PrimaryIndexSize=182
[2023.12.05-13.59.28:583][  0]LogPakFile: PakFile PathHashIndexSize=101
[2023.12.05-13.59.28:583][  0]LogPakFile: PakFile FullDirectoryIndexSize=138
[2023.12.05-13.59.28:583][  0]LogShaderLibrary: Display: ShaderCodeLibraryPakFileMountedCallback: PakFile 'C:/Program Files/Epic Games/UE_4.27/FeaturePacks/TP_Flying.upack' (chunk index -1, root 'root:/') mounted
[2023.12.05-13.59.28:583][  0]LogShaderLibrary: Display: ShaderCodeLibraryPakFileMountedCallback: pending pak file info (ChunkID:-1 Root:root:/ File:C:/Program Files/Epic Games/UE_4.27/FeaturePacks/TP_Flying.upack)
[2023.12.05-13.59.28:583][  0]LogPakFile: OnPakFileMounted2Time == 0.000028
[2023.12.05-13.59.28:584][  0]LogPakFile: PakFile PrimaryIndexSize=184
[2023.12.05-13.59.28:584][  0]LogPakFile: PakFile PathHashIndexSize=101
[2023.12.05-13.59.28:584][  0]LogPakFile: PakFile FullDirectoryIndexSize=142
[2023.12.05-13.59.28:584][  0]LogShaderLibrary: Display: ShaderCodeLibraryPakFileMountedCallback: PakFile 'C:/Program Files/Epic Games/UE_4.27/FeaturePacks/TP_FlyingBP.upack' (chunk index -1, root 'root:/') mounted
[2023.12.05-13.59.28:584][  0]LogShaderLibrary: Display: ShaderCodeLibraryPakFileMountedCallback: pending pak file info (ChunkID:-1 Root:root:/ File:C:/Program Files/Epic Games/UE_4.27/FeaturePacks/TP_FlyingBP.upack)
[2023.12.05-13.59.28:584][  0]LogPakFile: OnPakFileMounted2Time == 0.000028
[2023.12.05-13.59.28:584][  0]LogPakFile: PakFile PrimaryIndexSize=188
[2023.12.05-13.59.28:584][  0]LogPakFile: PakFile PathHashIndexSize=101
[2023.12.05-13.59.28:584][  0]LogPakFile: PakFile FullDirectoryIndexSize=150
[2023.12.05-13.59.28:584][  0]LogShaderLibrary: Display: ShaderCodeLibraryPakFileMountedCallback: PakFile 'C:/Program Files/Epic Games/UE_4.27/FeaturePacks/TP_HandheldARBP.upack' (chunk index -1, root 'root:/') mounted
[2023.12.05-13.59.28:584][  0]LogShaderLibrary: Display: ShaderCodeLibraryPakFileMountedCallback: pending pak file info (ChunkID:-1 Root:root:/ File:C:/Program Files/Epic Games/UE_4.27/FeaturePacks/TP_HandheldARBP.upack)
[2023.12.05-13.59.28:584][  0]LogPakFile: OnPakFileMounted2Time == 0.000028
[2023.12.05-13.59.28:585][  0]LogPakFile: PakFile PrimaryIndexSize=182
[2023.12.05-13.59.28:585][  0]LogPakFile: PakFile PathHashIndexSize=101
[2023.12.05-13.59.28:585][  0]LogPakFile: PakFile FullDirectoryIndexSize=138
[2023.12.05-13.59.28:585][  0]LogShaderLibrary: Display: ShaderCodeLibraryPakFileMountedCallback: PakFile 'C:/Program Files/Epic Games/UE_4.27/FeaturePacks/TP_Puzzle.upack' (chunk index -1, root 'root:/') mounted
[2023.12.05-13.59.28:585][  0]LogShaderLibrary: Display: ShaderCodeLibraryPakFileMountedCallback: pending pak file info (ChunkID:-1 Root:root:/ File:C:/Program Files/Epic Games/UE_4.27/FeaturePacks/TP_Puzzle.upack)
[2023.12.05-13.59.28:585][  0]LogPakFile: OnPakFileMounted2Time == 0.000028
[2023.12.05-13.59.28:585][  0]LogPakFile: PakFile PrimaryIndexSize=184
[2023.12.05-13.59.28:585][  0]LogPakFile: PakFile PathHashIndexSize=101
[2023.12.05-13.59.28:585][  0]LogPakFile: PakFile FullDirectoryIndexSize=142
[2023.12.05-13.59.28:585][  0]LogShaderLibrary: Display: ShaderCodeLibraryPakFileMountedCallback: PakFile 'C:/Program Files/Epic Games/UE_4.27/FeaturePacks/TP_PuzzleBP.upack' (chunk index -1, root 'root:/') mounted
[2023.12.05-13.59.28:585][  0]LogShaderLibrary: Display: ShaderCodeLibraryPakFileMountedCallback: pending pak file info (ChunkID:-1 Root:root:/ File:C:/Program Files/Epic Games/UE_4.27/FeaturePacks/TP_PuzzleBP.upack)
[2023.12.05-13.59.28:585][  0]LogPakFile: OnPakFileMounted2Time == 0.000028
[2023.12.05-13.59.28:586][  0]LogPakFile: PakFile PrimaryIndexSize=183
[2023.12.05-13.59.28:586][  0]LogPakFile: PakFile PathHashIndexSize=101
[2023.12.05-13.59.28:586][  0]LogPakFile: PakFile FullDirectoryIndexSize=140
[2023.12.05-13.59.28:586][  0]LogShaderLibrary: Display: ShaderCodeLibraryPakFileMountedCallback: PakFile 'C:/Program Files/Epic Games/UE_4.27/FeaturePacks/TP_Rolling.upack' (chunk index -1, root 'root:/') mounted
[2023.12.05-13.59.28:586][  0]LogShaderLibrary: Display: ShaderCodeLibraryPakFileMountedCallback: pending pak file info (ChunkID:-1 Root:root:/ File:C:/Program Files/Epic Games/UE_4.27/FeaturePacks/TP_Rolling.upack)
[2023.12.05-13.59.28:586][  0]LogPakFile: OnPakFileMounted2Time == 0.000031
[2023.12.05-13.59.28:586][  0]LogPakFile: PakFile PrimaryIndexSize=185
[2023.12.05-13.59.28:586][  0]LogPakFile: PakFile PathHashIndexSize=101
[2023.12.05-13.59.28:586][  0]LogPakFile: PakFile FullDirectoryIndexSize=144
[2023.12.05-13.59.28:586][  0]LogShaderLibrary: Display: ShaderCodeLibraryPakFileMountedCallback: PakFile 'C:/Program Files/Epic Games/UE_4.27/FeaturePacks/TP_RollingBP.upack' (chunk index -1, root 'root:/') mounted
[2023.12.05-13.59.28:586][  0]LogShaderLibrary: Display: ShaderCodeLibraryPakFileMountedCallback: pending pak file info (ChunkID:-1 Root:root:/ File:C:/Program Files/Epic Games/UE_4.27/FeaturePacks/TP_RollingBP.upack)
[2023.12.05-13.59.28:587][  0]LogPakFile: OnPakFileMounted2Time == 0.000034
[2023.12.05-13.59.28:587][  0]LogPakFile: PakFile PrimaryIndexSize=188
[2023.12.05-13.59.28:587][  0]LogPakFile: PakFile PathHashIndexSize=101
[2023.12.05-13.59.28:587][  0]LogPakFile: PakFile FullDirectoryIndexSize=150
[2023.12.05-13.59.28:587][  0]LogShaderLibrary: Display: ShaderCodeLibraryPakFileMountedCallback: PakFile 'C:/Program Files/Epic Games/UE_4.27/FeaturePacks/TP_SideScroller.upack' (chunk index -1, root 'root:/') mounted
[2023.12.05-13.59.28:587][  0]LogShaderLibrary: Display: ShaderCodeLibraryPakFileMountedCallback: pending pak file info (ChunkID:-1 Root:root:/ File:C:/Program Files/Epic Games/UE_4.27/FeaturePacks/TP_SideScroller.upack)
[2023.12.05-13.59.28:587][  0]LogPakFile: OnPakFileMounted2Time == 0.000028
[2023.12.05-13.59.28:587][  0]LogPakFile: PakFile PrimaryIndexSize=190
[2023.12.05-13.59.28:588][  0]LogPakFile: PakFile PathHashIndexSize=101
[2023.12.05-13.59.28:588][  0]LogPakFile: PakFile FullDirectoryIndexSize=154
[2023.12.05-13.59.28:588][  0]LogShaderLibrary: Display: ShaderCodeLibraryPakFileMountedCallback: PakFile 'C:/Program Files/Epic Games/UE_4.27/FeaturePacks/TP_SideScrollerBP.upack' (chunk index -1, root 'root:/') mounted
[2023.12.05-13.59.28:588][  0]LogShaderLibrary: Display: ShaderCodeLibraryPakFileMountedCallback: pending pak file info (ChunkID:-1 Root:root:/ File:C:/Program Files/Epic Games/UE_4.27/FeaturePacks/TP_SideScrollerBP.upack)
[2023.12.05-13.59.28:588][  0]LogPakFile: OnPakFileMounted2Time == 0.000028
[2023.12.05-13.59.28:588][  0]LogPakFile: PakFile PrimaryIndexSize=187
[2023.12.05-13.59.28:588][  0]LogPakFile: PakFile PathHashIndexSize=101
[2023.12.05-13.59.28:588][  0]LogPakFile: PakFile FullDirectoryIndexSize=148
[2023.12.05-13.59.28:588][  0]LogShaderLibrary: Display: ShaderCodeLibraryPakFileMountedCallback: PakFile 'C:/Program Files/Epic Games/UE_4.27/FeaturePacks/TP_ThirdPerson.upack' (chunk index -1, root 'root:/') mounted
[2023.12.05-13.59.28:588][  0]LogShaderLibrary: Display: ShaderCodeLibraryPakFileMountedCallback: pending pak file info (ChunkID:-1 Root:root:/ File:C:/Program Files/Epic Games/UE_4.27/FeaturePacks/TP_ThirdPerson.upack)
[2023.12.05-13.59.28:588][  0]LogPakFile: OnPakFileMounted2Time == 0.000028
[2023.12.05-13.59.28:589][  0]LogPakFile: PakFile PrimaryIndexSize=189
[2023.12.05-13.59.28:589][  0]LogPakFile: PakFile PathHashIndexSize=101
[2023.12.05-13.59.28:589][  0]LogPakFile: PakFile FullDirectoryIndexSize=152
[2023.12.05-13.59.28:589][  0]LogShaderLibrary: Display: ShaderCodeLibraryPakFileMountedCallback: PakFile 'C:/Program Files/Epic Games/UE_4.27/FeaturePacks/TP_ThirdPersonBP.upack' (chunk index -1, root 'root:/') mounted
[2023.12.05-13.59.28:589][  0]LogShaderLibrary: Display: ShaderCodeLibraryPakFileMountedCallback: pending pak file info (ChunkID:-1 Root:root:/ File:C:/Program Files/Epic Games/UE_4.27/FeaturePacks/TP_ThirdPersonBP.upack)
[2023.12.05-13.59.28:589][  0]LogPakFile: OnPakFileMounted2Time == 0.000032
[2023.12.05-13.59.28:589][  0]LogPakFile: PakFile PrimaryIndexSize=183
[2023.12.05-13.59.28:589][  0]LogPakFile: PakFile PathHashIndexSize=101
[2023.12.05-13.59.28:589][  0]LogPakFile: PakFile FullDirectoryIndexSize=140
[2023.12.05-13.59.28:589][  0]LogShaderLibrary: Display: ShaderCodeLibraryPakFileMountedCallback: PakFile 'C:/Program Files/Epic Games/UE_4.27/FeaturePacks/TP_TopDown.upack' (chunk index -1, root 'root:/') mounted
[2023.12.05-13.59.28:589][  0]LogShaderLibrary: Display: ShaderCodeLibraryPakFileMountedCallback: pending pak file info (ChunkID:-1 Root:root:/ File:C:/Program Files/Epic Games/UE_4.27/FeaturePacks/TP_TopDown.upack)
[2023.12.05-13.59.28:589][  0]LogPakFile: OnPakFileMounted2Time == 0.000034
[2023.12.05-13.59.28:590][  0]LogPakFile: PakFile PrimaryIndexSize=185
[2023.12.05-13.59.28:590][  0]LogPakFile: PakFile PathHashIndexSize=101
[2023.12.05-13.59.28:590][  0]LogPakFile: PakFile FullDirectoryIndexSize=144
[2023.12.05-13.59.28:590][  0]LogShaderLibrary: Display: ShaderCodeLibraryPakFileMountedCallback: PakFile 'C:/Program Files/Epic Games/UE_4.27/FeaturePacks/TP_TopDownBP.upack' (chunk index -1, root 'root:/') mounted
[2023.12.05-13.59.28:590][  0]LogShaderLibrary: Display: ShaderCodeLibraryPakFileMountedCallback: pending pak file info (ChunkID:-1 Root:root:/ File:C:/Program Files/Epic Games/UE_4.27/FeaturePacks/TP_TopDownBP.upack)
[2023.12.05-13.59.28:590][  0]LogPakFile: OnPakFileMounted2Time == 0.000030
[2023.12.05-13.59.28:590][  0]LogPakFile: PakFile PrimaryIndexSize=185
[2023.12.05-13.59.28:590][  0]LogPakFile: PakFile PathHashIndexSize=101
[2023.12.05-13.59.28:590][  0]LogPakFile: PakFile FullDirectoryIndexSize=144
[2023.12.05-13.59.28:590][  0]LogShaderLibrary: Display: ShaderCodeLibraryPakFileMountedCallback: PakFile 'C:/Program Files/Epic Games/UE_4.27/FeaturePacks/TP_TwinStick.upack' (chunk index -1, root 'root:/') mounted
[2023.12.05-13.59.28:590][  0]LogShaderLibrary: Display: ShaderCodeLibraryPakFileMountedCallback: pending pak file info (ChunkID:-1 Root:root:/ File:C:/Program Files/Epic Games/UE_4.27/FeaturePacks/TP_TwinStick.upack)
[2023.12.05-13.59.28:590][  0]LogPakFile: OnPakFileMounted2Time == 0.000028
[2023.12.05-13.59.28:591][  0]LogPakFile: PakFile PrimaryIndexSize=187
[2023.12.05-13.59.28:591][  0]LogPakFile: PakFile PathHashIndexSize=101
[2023.12.05-13.59.28:591][  0]LogPakFile: PakFile FullDirectoryIndexSize=148
[2023.12.05-13.59.28:591][  0]LogShaderLibrary: Display: ShaderCodeLibraryPakFileMountedCallback: PakFile 'C:/Program Files/Epic Games/UE_4.27/FeaturePacks/TP_TwinStickBP.upack' (chunk index -1, root 'root:/') mounted
[2023.12.05-13.59.28:591][  0]LogShaderLibrary: Display: ShaderCodeLibraryPakFileMountedCallback: pending pak file info (ChunkID:-1 Root:root:/ File:C:/Program Files/Epic Games/UE_4.27/FeaturePacks/TP_TwinStickBP.upack)
[2023.12.05-13.59.28:591][  0]LogPakFile: OnPakFileMounted2Time == 0.000030
[2023.12.05-13.59.28:591][  0]LogPakFile: PakFile PrimaryIndexSize=183
[2023.12.05-13.59.28:591][  0]LogPakFile: PakFile PathHashIndexSize=101
[2023.12.05-13.59.28:591][  0]LogPakFile: PakFile FullDirectoryIndexSize=140
[2023.12.05-13.59.28:591][  0]LogShaderLibrary: Display: ShaderCodeLibraryPakFileMountedCallback: PakFile 'C:/Program Files/Epic Games/UE_4.27/FeaturePacks/TP_Vehicle.upack' (chunk index -1, root 'root:/') mounted
[2023.12.05-13.59.28:591][  0]LogShaderLibrary: Display: ShaderCodeLibraryPakFileMountedCallback: pending pak file info (ChunkID:-1 Root:root:/ File:C:/Program Files/Epic Games/UE_4.27/FeaturePacks/TP_Vehicle.upack)
[2023.12.05-13.59.28:591][  0]LogPakFile: OnPakFileMounted2Time == 0.000028
[2023.12.05-13.59.28:592][  0]LogPakFile: PakFile PrimaryIndexSize=186
[2023.12.05-13.59.28:592][  0]LogPakFile: PakFile PathHashIndexSize=101
[2023.12.05-13.59.28:592][  0]LogPakFile: PakFile FullDirectoryIndexSize=146
[2023.12.05-13.59.28:592][  0]LogShaderLibrary: Display: ShaderCodeLibraryPakFileMountedCallback: PakFile 'C:/Program Files/Epic Games/UE_4.27/FeaturePacks/TP_VehicleAdv.upack' (chunk index -1, root 'root:/') mounted
[2023.12.05-13.59.28:592][  0]LogShaderLibrary: Display: ShaderCodeLibraryPakFileMountedCallback: pending pak file info (ChunkID:-1 Root:root:/ File:C:/Program Files/Epic Games/UE_4.27/FeaturePacks/TP_VehicleAdv.upack)
[2023.12.05-13.59.28:592][  0]LogPakFile: OnPakFileMounted2Time == 0.000029
[2023.12.05-13.59.28:592][  0]LogPakFile: PakFile PrimaryIndexSize=188
[2023.12.05-13.59.28:592][  0]LogPakFile: PakFile PathHashIndexSize=101
[2023.12.05-13.59.28:592][  0]LogPakFile: PakFile FullDirectoryIndexSize=150
[2023.12.05-13.59.28:592][  0]LogShaderLibrary: Display: ShaderCodeLibraryPakFileMountedCallback: PakFile 'C:/Program Files/Epic Games/UE_4.27/FeaturePacks/TP_VehicleAdvBP.upack' (chunk index -1, root 'root:/') mounted
[2023.12.05-13.59.28:592][  0]LogShaderLibrary: Display: ShaderCodeLibraryPakFileMountedCallback: pending pak file info (ChunkID:-1 Root:root:/ File:C:/Program Files/Epic Games/UE_4.27/FeaturePacks/TP_VehicleAdvBP.upack)
[2023.12.05-13.59.28:592][  0]LogPakFile: OnPakFileMounted2Time == 0.000028
[2023.12.05-13.59.28:593][  0]LogPakFile: PakFile PrimaryIndexSize=185
[2023.12.05-13.59.28:593][  0]LogPakFile: PakFile PathHashIndexSize=101
[2023.12.05-13.59.28:593][  0]LogPakFile: PakFile FullDirectoryIndexSize=144
[2023.12.05-13.59.28:593][  0]LogShaderLibrary: Display: ShaderCodeLibraryPakFileMountedCallback: PakFile 'C:/Program Files/Epic Games/UE_4.27/FeaturePacks/TP_VehicleBP.upack' (chunk index -1, root 'root:/') mounted
[2023.12.05-13.59.28:593][  0]LogShaderLibrary: Display: ShaderCodeLibraryPakFileMountedCallback: pending pak file info (ChunkID:-1 Root:root:/ File:C:/Program Files/Epic Games/UE_4.27/FeaturePacks/TP_VehicleBP.upack)
[2023.12.05-13.59.28:593][  0]LogPakFile: OnPakFileMounted2Time == 0.000028
[2023.12.05-13.59.28:594][  0]LogPakFile: PakFile PrimaryIndexSize=192
[2023.12.05-13.59.28:594][  0]LogPakFile: PakFile PathHashIndexSize=101
[2023.12.05-13.59.28:594][  0]LogPakFile: PakFile FullDirectoryIndexSize=158
[2023.12.05-13.59.28:594][  0]LogShaderLibrary: Display: ShaderCodeLibraryPakFileMountedCallback: PakFile 'C:/Program Files/Epic Games/UE_4.27/FeaturePacks/TP_VirtualRealityBP.upack' (chunk index -1, root 'root:/') mounted
[2023.12.05-13.59.28:594][  0]LogShaderLibrary: Display: ShaderCodeLibraryPakFileMountedCallback: pending pak file info (ChunkID:-1 Root:root:/ File:C:/Program Files/Epic Games/UE_4.27/FeaturePacks/TP_VirtualRealityBP.upack)
[2023.12.05-13.59.28:594][  0]LogPakFile: OnPakFileMounted2Time == 0.000031
[2023.12.05-13.59.28:634][  0]LogNativeClassHierarchy: Verbose: Native class hierarchy updated for 'AddContentDialog' in 0.0003 seconds. Added 0 classes and 0 folders.
[2023.12.05-13.59.28:635][  0]LogNativeClassHierarchy: Verbose: Native class hierarchy updated for 'SceneOutliner' in 0.0001 seconds. Added 2 classes and 0 folders.
[2023.12.05-13.59.28:669][  0]LogSlate: Took 0.000281 seconds to synchronously load lazily loaded font '../../../Engine/Content/Slate/Fonts/Roboto-Regular.ttf' (155K)
[2023.12.05-13.59.28:669][  0]LogSlate: Took 0.000165 seconds to synchronously load lazily loaded font '../../../Engine/Content/Editor/Slate/Fonts/FontAwesome.ttf' (139K)
[2023.12.05-13.59.28:670][  0]LogSlate: Took 0.000131 seconds to synchronously load lazily loaded font '../../../Engine/Content/Slate/Fonts/Roboto-Bold.ttf' (160K)
[2023.12.05-13.59.28:751][  0]LogRenderer: Reallocating scene render targets to support 916x560 Format 10 NumSamples 1 (Frame:1).
[2023.12.05-13.59.28:835][  0]LogNativeClassHierarchy: Verbose: Native class hierarchy updated for 'HierarchicalLODOutliner' in 0.0003 seconds. Added 0 classes and 0 folders.
[2023.12.05-13.59.28:835][  0]LogLoad: (Engine Initialization) Total time: 6.68 seconds
[2023.12.05-13.59.28:835][  0]LogLoad: (Engine Initialization) Total Blueprint compile time: 0.00 seconds
[2023.12.05-13.59.28:873][  0]LogAssetRegistry: Asset discovery search completed in 4.1163 seconds
[2023.12.05-13.59.28:878][  0]LogCollectionManager: Fixed up redirectors for 0 collections in 0.000004 seconds (updated 0 objects)
[2023.12.05-13.59.28:880][  0]LogContentStreaming: Texture pool size now 1000 MB
[2023.12.05-13.59.28:957][  6]LogSlate: Took 0.000257 seconds to synchronously load lazily loaded font '../../../Engine/Content/Slate/Fonts/Roboto-Light.ttf' (167K)
[2023.12.05-13.59.35:080][715]LogSlate: Window 'Open Level' being destroyed
[2023.12.05-13.59.46:846][ 97]LogSlate: Window 'Open Level' being destroyed
[2023.12.05-13.59.49:996][473]LogEditorViewport: Clicking on Actor (LMB): BP_Sky_Sphere_C (Sky Sphere)
[2023.12.05-14.00.10:072][744]LogRenderer: Reallocating scene render targets to support 920x560 Format 10 NumSamples 1 (Frame:3713).
[2023.12.05-14.00.27:403][747]LogSlate: Window 'Open Level' being destroyed
[2023.12.05-14.00.33:659][444]LogSlate: Took 0.000332 seconds to synchronously load lazily loaded font '../../../Engine/Content/Slate/Fonts/Roboto-BoldCondensed.ttf' (158K)
[2023.12.05-14.00.38:112][954]LogSlate: Window 'Open Project' being destroyed
